Performing C++ SOURCE FILE Test SEAL_MEMSET_S_FOUND failed with the following compile output:
Change Dir: /home/PrivSphere/build/SEAL/CMakeFiles/CMakeTmp

Run Build Command(s):/usr/bin/make -f Makefile cmTC_b6407/fast && /usr/bin/make  -f CMakeFiles/cmTC_b6407.dir/build.make CMakeFiles/cmTC_b6407.dir/build
make[1]: Entering directory '/home/PrivSphere/build/SEAL/CMakeFiles/CMakeTmp'
Building CXX object CMakeFiles/cmTC_b6407.dir/src.cxx.o
/usr/bin/g++ -DSEAL_MEMSET_S_FOUND  -fPIE -o CMakeFiles/cmTC_b6407.dir/src.cxx.o -c /home/PrivSphere/build/SEAL/CMakeFiles/CMakeTmp/src.cxx
/home/PrivSphere/build/SEAL/CMakeFiles/CMakeTmp/src.cxx: In function 'int main()':
/home/PrivSphere/build/SEAL/CMakeFiles/CMakeTmp/src.cxx:7:17: error: 'memset_s' was not declared in this scope; did you mean 'memset'?
    7 |         int r = memset_s(str, sizeof(str), 'a', 5);
      |                 ^~~~~~~~
      |                 memset
make[1]: *** [CMakeFiles/cmTC_b6407.dir/build.make:78: CMakeFiles/cmTC_b6407.dir/src.cxx.o] Error 1
make[1]: Leaving directory '/home/PrivSphere/build/SEAL/CMakeFiles/CMakeTmp'
make: *** [Makefile:127: cmTC_b6407/fast] Error 2


...and run output:

Return value: 1
Source file was:

    #define __STDC_WANT_LIB_EXT1__ 1
    #include <string.h>
    int main(void)
    {
        char str[] = "ghghghghghghghghghghgh";
        int r = memset_s(str, sizeof(str), 'a', 5);
        return r;
    }
Determining if the explicit_memset exist failed with the following output:
Change Dir: /home/PrivSphere/build/SEAL/CMakeFiles/CMakeTmp

Run Build Command(s):/usr/bin/make -f Makefile cmTC_3a614/fast && /usr/bin/make  -f CMakeFiles/cmTC_3a614.dir/build.make CMakeFiles/cmTC_3a614.dir/build
make[1]: Entering directory '/home/PrivSphere/build/SEAL/CMakeFiles/CMakeTmp'
Building C object CMakeFiles/cmTC_3a614.dir/CheckSymbolExists.c.o
/usr/bin/gcc   -fPIE -o CMakeFiles/cmTC_3a614.dir/CheckSymbolExists.c.o -c /home/PrivSphere/build/SEAL/CMakeFiles/CMakeTmp/CheckSymbolExists.c
/home/PrivSphere/build/SEAL/CMakeFiles/CMakeTmp/CheckSymbolExists.c: In function 'main':
/home/PrivSphere/build/SEAL/CMakeFiles/CMakeTmp/CheckSymbolExists.c:8:19: error: 'explicit_memset' undeclared (first use in this function)
    8 |   return ((int*)(&explicit_memset))[argc];
      |                   ^~~~~~~~~~~~~~~
/home/PrivSphere/build/SEAL/CMakeFiles/CMakeTmp/CheckSymbolExists.c:8:19: note: each undeclared identifier is reported only once for each function it appears in
make[1]: *** [CMakeFiles/cmTC_3a614.dir/build.make:78: CMakeFiles/cmTC_3a614.dir/CheckSymbolExists.c.o] Error 1
make[1]: Leaving directory '/home/PrivSphere/build/SEAL/CMakeFiles/CMakeTmp'
make: *** [Makefile:127: cmTC_3a614/fast] Error 2


File /home/PrivSphere/build/SEAL/CMakeFiles/CMakeTmp/CheckSymbolExists.c:
/* */
#include <string.h>

int main(int argc, char** argv)
{
  (void)argv;
#ifndef explicit_memset
  return ((int*)(&explicit_memset))[argc];
#else
  (void)argc;
  return 0;
#endif
}
Performing C SOURCE FILE Test CMAKE_HAVE_LIBC_PTHREAD failed with the following output:
Change Dir: /home/PrivSphere/build/SEAL/CMakeFiles/CMakeTmp

Run Build Command(s):/usr/bin/make -f Makefile cmTC_253de/fast && /usr/bin/make  -f CMakeFiles/cmTC_253de.dir/build.make CMakeFiles/cmTC_253de.dir/build
make[1]: Entering directory '/home/PrivSphere/build/SEAL/CMakeFiles/CMakeTmp'
Building C object CMakeFiles/cmTC_253de.dir/src.c.o
/usr/bin/gcc -DCMAKE_HAVE_LIBC_PTHREAD  -fPIE -o CMakeFiles/cmTC_253de.dir/src.c.o -c /home/PrivSphere/build/SEAL/CMakeFiles/CMakeTmp/src.c
Linking C executable cmTC_253de
/root/cmake-3.23.3-linux-x86_64/bin/cmake -E cmake_link_script CMakeFiles/cmTC_253de.dir/link.txt --verbose=1
/usr/bin/gcc CMakeFiles/cmTC_253de.dir/src.c.o -o cmTC_253de 
/usr/bin/ld: CMakeFiles/cmTC_253de.dir/src.c.o: in function `main':
src.c:(.text+0x46): undefined reference to `pthread_create'
/usr/bin/ld: src.c:(.text+0x52): undefined reference to `pthread_detach'
/usr/bin/ld: src.c:(.text+0x5e): undefined reference to `pthread_cancel'
/usr/bin/ld: src.c:(.text+0x6f): undefined reference to `pthread_join'
collect2: error: ld returned 1 exit status
make[1]: *** [CMakeFiles/cmTC_253de.dir/build.make:99: cmTC_253de] Error 1
make[1]: Leaving directory '/home/PrivSphere/build/SEAL/CMakeFiles/CMakeTmp'
make: *** [Makefile:127: cmTC_253de/fast] Error 2


Source file was:
#include <pthread.h>

static void* test_func(void* data)
{
  return data;
}

int main(void)
{
  pthread_t thread;
  pthread_create(&thread, NULL, test_func, NULL);
  pthread_detach(thread);
  pthread_cancel(thread);
  pthread_join(thread, NULL);
  pthread_atfork(NULL, NULL, NULL);
  pthread_exit(NULL);

  return 0;
}

