The system is: Linux - 6.8.0-49-generic - x86_64
Compiling the CXX compiler identification source file "CMakeCXXCompilerId.cpp" succeeded.
Compiler: /usr/bin/g++ 
Build flags: 
Id flags:  

The output was:
0


Compilation of the CXX compiler identification source "CMakeCXXCompilerId.cpp" produced "a.out"

The CXX compiler identification is GNU, found in "/home/PrivSphere/build/SEAL/CMakeFiles/3.23.3/CompilerIdCXX/a.out"

Compiling the C compiler identification source file "CMakeCCompilerId.c" succeeded.
Compiler: /usr/bin/gcc 
Build flags: 
Id flags:  

The output was:
0


Compilation of the C compiler identification source "CMakeCCompilerId.c" produced "a.out"

The C compiler identification is GNU, found in "/home/PrivSphere/build/SEAL/CMakeFiles/3.23.3/CompilerIdC/a.out"

Detecting CXX compiler ABI info compiled with the following output:
Change Dir: /home/PrivSphere/build/SEAL/CMakeFiles/CMakeTmp

Run Build Command(s):/usr/bin/make -f Makefile cmTC_26fcf/fast && /usr/bin/make  -f CMakeFiles/cmTC_26fcf.dir/build.make CMakeFiles/cmTC_26fcf.dir/build
make[1]: Entering directory '/home/PrivSphere/build/SEAL/CMakeFiles/CMakeTmp'
Building CXX object CMakeFiles/cmTC_26fcf.dir/CMakeCXXCompilerABI.cpp.o
/usr/bin/g++   -v -o CMakeFiles/cmTC_26fcf.dir/CMakeCXXCompilerABI.cpp.o -c /root/cmake-3.23.3-linux-x86_64/share/cmake-3.23/Modules/CMakeCXXCompilerABI.cpp
Using built-in specs.
COLLECT_GCC=/usr/bin/g++
OFFLOAD_TARGET_NAMES=nvptx-none:hsa
OFFLOAD_TARGET_DEFAULT=1
Target: x86_64-linux-gnu
Configured with: ../src/configure -v --with-pkgversion='Ubuntu 9.4.0-1ubuntu1~20.04.2' --with-bugurl=file:///usr/share/doc/gcc-9/README.Bugs --enable-languages=c,ada,c++,go,brig,d,fortran,objc,obj-c++,gm2 --prefix=/usr --with-gcc-major-version-only --program-suffix=-9 --program-prefix=x86_64-linux-gnu- --enable-shared --enable-linker-build-id --libexecdir=/usr/lib --without-included-gettext --enable-threads=posix --libdir=/usr/lib --enable-nls --enable-clocale=gnu --enable-libstdcxx-debug --enable-libstdcxx-time=yes --with-default-libstdcxx-abi=new --enable-gnu-unique-object --disable-vtable-verify --enable-plugin --enable-default-pie --with-system-zlib --with-target-system-zlib=auto --enable-objc-gc=auto --enable-multiarch --disable-werror --with-arch-32=i686 --with-abi=m64 --with-multilib-list=m32,m64,mx32 --enable-multilib --with-tune=generic --enable-offload-targets=nvptx-none=/build/gcc-9-9QDOt0/gcc-9-9.4.0/debian/tmp-nvptx/usr,hsa --without-cuda-driver --enable-checking=release --build=x86_64-linux-gnu --host=x86_64-linux-gnu --target=x86_64-linux-gnu
Thread model: posix
gcc version 9.4.0 (Ubuntu 9.4.0-1ubuntu1~20.04.2) 
COLLECT_GCC_OPTIONS='-v' '-o' 'CMakeFiles/cmTC_26fcf.dir/CMakeCXXCompilerABI.cpp.o' '-c' '-shared-libgcc' '-mtune=generic' '-march=x86-64'
 /usr/lib/gcc/x86_64-linux-gnu/9/cc1plus -quiet -v -imultiarch x86_64-linux-gnu -D_GNU_SOURCE /root/cmake-3.23.3-linux-x86_64/share/cmake-3.23/Modules/CMakeCXXCompilerABI.cpp -quiet -dumpbase CMakeCXXCompilerABI.cpp -mtune=generic -march=x86-64 -auxbase-strip CMakeFiles/cmTC_26fcf.dir/CMakeCXXCompilerABI.cpp.o -version -fasynchronous-unwind-tables -fstack-protector-strong -Wformat -Wformat-security -fstack-clash-protection -fcf-protection -o /tmp/ccQBqcHC.s
GNU C++14 (Ubuntu 9.4.0-1ubuntu1~20.04.2) version 9.4.0 (x86_64-linux-gnu)
	compiled by GNU C version 9.4.0, GMP version 6.2.0, MPFR version 4.0.2, MPC version 1.1.0, isl version isl-0.22.1-GMP

GGC heuristics: --param ggc-min-expand=100 --param ggc-min-heapsize=131072
ignoring duplicate directory "/usr/include/x86_64-linux-gnu/c++/9"
ignoring nonexistent directory "/usr/local/include/x86_64-linux-gnu"
ignoring nonexistent directory "/usr/lib/gcc/x86_64-linux-gnu/9/include-fixed"
ignoring nonexistent directory "/usr/lib/gcc/x86_64-linux-gnu/9/../../../../x86_64-linux-gnu/include"
#include "..." search starts here:
#include <...> search starts here:
 /usr/include/c++/9
 /usr/include/x86_64-linux-gnu/c++/9
 /usr/include/c++/9/backward
 /usr/lib/gcc/x86_64-linux-gnu/9/include
 /usr/local/include
 /usr/include/x86_64-linux-gnu
 /usr/include
End of search list.
GNU C++14 (Ubuntu 9.4.0-1ubuntu1~20.04.2) version 9.4.0 (x86_64-linux-gnu)
	compiled by GNU C version 9.4.0, GMP version 6.2.0, MPFR version 4.0.2, MPC version 1.1.0, isl version isl-0.22.1-GMP

GGC heuristics: --param ggc-min-expand=100 --param ggc-min-heapsize=131072
Compiler executable checksum: 3d1eba838554fa2348dba760e4770469
COLLECT_GCC_OPTIONS='-v' '-o' 'CMakeFiles/cmTC_26fcf.dir/CMakeCXXCompilerABI.cpp.o' '-c' '-shared-libgcc' '-mtune=generic' '-march=x86-64'
 as -v --64 -o CMakeFiles/cmTC_26fcf.dir/CMakeCXXCompilerABI.cpp.o /tmp/ccQBqcHC.s
GNU assembler version 2.34 (x86_64-linux-gnu) using BFD version (GNU Binutils for Ubuntu) 2.34
COMPILER_PATH=/usr/lib/gcc/x86_64-linux-gnu/9/:/usr/lib/gcc/x86_64-linux-gnu/9/:/usr/lib/gcc/x86_64-linux-gnu/:/usr/lib/gcc/x86_64-linux-gnu/9/:/usr/lib/gcc/x86_64-linux-gnu/
LIBRARY_PATH=/usr/lib/gcc/x86_64-linux-gnu/9/:/usr/lib/gcc/x86_64-linux-gnu/9/../../../x86_64-linux-gnu/:/usr/lib/gcc/x86_64-linux-gnu/9/../../../../lib/:/lib/x86_64-linux-gnu/:/lib/../lib/:/usr/lib/x86_64-linux-gnu/:/usr/lib/../lib/:/usr/lib/gcc/x86_64-linux-gnu/9/../../../:/lib/:/usr/lib/
COLLECT_GCC_OPTIONS='-v' '-o' 'CMakeFiles/cmTC_26fcf.dir/CMakeCXXCompilerABI.cpp.o' '-c' '-shared-libgcc' '-mtune=generic' '-march=x86-64'
Linking CXX executable cmTC_26fcf
/root/cmake-3.23.3-linux-x86_64/bin/cmake -E cmake_link_script CMakeFiles/cmTC_26fcf.dir/link.txt --verbose=1
/usr/bin/g++  -v CMakeFiles/cmTC_26fcf.dir/CMakeCXXCompilerABI.cpp.o -o cmTC_26fcf 
Using built-in specs.
COLLECT_GCC=/usr/bin/g++
COLLECT_LTO_WRAPPER=/usr/lib/gcc/x86_64-linux-gnu/9/lto-wrapper
OFFLOAD_TARGET_NAMES=nvptx-none:hsa
OFFLOAD_TARGET_DEFAULT=1
Target: x86_64-linux-gnu
Configured with: ../src/configure -v --with-pkgversion='Ubuntu 9.4.0-1ubuntu1~20.04.2' --with-bugurl=file:///usr/share/doc/gcc-9/README.Bugs --enable-languages=c,ada,c++,go,brig,d,fortran,objc,obj-c++,gm2 --prefix=/usr --with-gcc-major-version-only --program-suffix=-9 --program-prefix=x86_64-linux-gnu- --enable-shared --enable-linker-build-id --libexecdir=/usr/lib --without-included-gettext --enable-threads=posix --libdir=/usr/lib --enable-nls --enable-clocale=gnu --enable-libstdcxx-debug --enable-libstdcxx-time=yes --with-default-libstdcxx-abi=new --enable-gnu-unique-object --disable-vtable-verify --enable-plugin --enable-default-pie --with-system-zlib --with-target-system-zlib=auto --enable-objc-gc=auto --enable-multiarch --disable-werror --with-arch-32=i686 --with-abi=m64 --with-multilib-list=m32,m64,mx32 --enable-multilib --with-tune=generic --enable-offload-targets=nvptx-none=/build/gcc-9-9QDOt0/gcc-9-9.4.0/debian/tmp-nvptx/usr,hsa --without-cuda-driver --enable-checking=release --build=x86_64-linux-gnu --host=x86_64-linux-gnu --target=x86_64-linux-gnu
Thread model: posix
gcc version 9.4.0 (Ubuntu 9.4.0-1ubuntu1~20.04.2) 
COMPILER_PATH=/usr/lib/gcc/x86_64-linux-gnu/9/:/usr/lib/gcc/x86_64-linux-gnu/9/:/usr/lib/gcc/x86_64-linux-gnu/:/usr/lib/gcc/x86_64-linux-gnu/9/:/usr/lib/gcc/x86_64-linux-gnu/
LIBRARY_PATH=/usr/lib/gcc/x86_64-linux-gnu/9/:/usr/lib/gcc/x86_64-linux-gnu/9/../../../x86_64-linux-gnu/:/usr/lib/gcc/x86_64-linux-gnu/9/../../../../lib/:/lib/x86_64-linux-gnu/:/lib/../lib/:/usr/lib/x86_64-linux-gnu/:/usr/lib/../lib/:/usr/lib/gcc/x86_64-linux-gnu/9/../../../:/lib/:/usr/lib/
COLLECT_GCC_OPTIONS='-v' '-o' 'cmTC_26fcf' '-shared-libgcc' '-mtune=generic' '-march=x86-64'
 /usr/lib/gcc/x86_64-linux-gnu/9/collect2 -plugin /usr/lib/gcc/x86_64-linux-gnu/9/liblto_plugin.so -plugin-opt=/usr/lib/gcc/x86_64-linux-gnu/9/lto-wrapper -plugin-opt=-fresolution=/tmp/ccKVhoB3.res -plugin-opt=-pass-through=-lgcc_s -plugin-opt=-pass-through=-lgcc -plugin-opt=-pass-through=-lc -plugin-opt=-pass-through=-lgcc_s -plugin-opt=-pass-through=-lgcc --build-id --eh-frame-hdr -m elf_x86_64 --hash-style=gnu --as-needed -dynamic-linker /lib64/ld-linux-x86-64.so.2 -pie -z now -z relro -o cmTC_26fcf /usr/lib/gcc/x86_64-linux-gnu/9/../../../x86_64-linux-gnu/Scrt1.o /usr/lib/gcc/x86_64-linux-gnu/9/../../../x86_64-linux-gnu/crti.o /usr/lib/gcc/x86_64-linux-gnu/9/crtbeginS.o -L/usr/lib/gcc/x86_64-linux-gnu/9 -L/usr/lib/gcc/x86_64-linux-gnu/9/../../../x86_64-linux-gnu -L/usr/lib/gcc/x86_64-linux-gnu/9/../../../../lib -L/lib/x86_64-linux-gnu -L/lib/../lib -L/usr/lib/x86_64-linux-gnu -L/usr/lib/../lib -L/usr/lib/gcc/x86_64-linux-gnu/9/../../.. CMakeFiles/cmTC_26fcf.dir/CMakeCXXCompilerABI.cpp.o -lstdc++ -lm -lgcc_s -lgcc -lc -lgcc_s -lgcc /usr/lib/gcc/x86_64-linux-gnu/9/crtendS.o /usr/lib/gcc/x86_64-linux-gnu/9/../../../x86_64-linux-gnu/crtn.o
COLLECT_GCC_OPTIONS='-v' '-o' 'cmTC_26fcf' '-shared-libgcc' '-mtune=generic' '-march=x86-64'
make[1]: Leaving directory '/home/PrivSphere/build/SEAL/CMakeFiles/CMakeTmp'



Parsed CXX implicit include dir info from above output: rv=done
  found start of include info
  found start of implicit include info
    add: [/usr/include/c++/9]
    add: [/usr/include/x86_64-linux-gnu/c++/9]
    add: [/usr/include/c++/9/backward]
    add: [/usr/lib/gcc/x86_64-linux-gnu/9/include]
    add: [/usr/local/include]
    add: [/usr/include/x86_64-linux-gnu]
    add: [/usr/include]
  end of search list found
  collapse include dir [/usr/include/c++/9] ==> [/usr/include/c++/9]
  collapse include dir [/usr/include/x86_64-linux-gnu/c++/9] ==> [/usr/include/x86_64-linux-gnu/c++/9]
  collapse include dir [/usr/include/c++/9/backward] ==> [/usr/include/c++/9/backward]
  collapse include dir [/usr/lib/gcc/x86_64-linux-gnu/9/include] ==> [/usr/lib/gcc/x86_64-linux-gnu/9/include]
  collapse include dir [/usr/local/include] ==> [/usr/local/include]
  collapse include dir [/usr/include/x86_64-linux-gnu] ==> [/usr/include/x86_64-linux-gnu]
  collapse include dir [/usr/include] ==> [/usr/include]
  implicit include dirs: [/usr/include/c++/9;/usr/include/x86_64-linux-gnu/c++/9;/usr/include/c++/9/backward;/usr/lib/gcc/x86_64-linux-gnu/9/include;/usr/local/include;/usr/include/x86_64-linux-gnu;/usr/include]


Parsed CXX implicit link information from above output:
  link line regex: [^( *|.*[/\])(ld|CMAKE_LINK_STARTFILE-NOTFOUND|([^/\]+-)?ld|collect2)[^/\]*( |$)]
  ignore line: [Change Dir: /home/PrivSphere/build/SEAL/CMakeFiles/CMakeTmp]
  ignore line: []
  ignore line: [Run Build Command(s):/usr/bin/make -f Makefile cmTC_26fcf/fast && /usr/bin/make  -f CMakeFiles/cmTC_26fcf.dir/build.make CMakeFiles/cmTC_26fcf.dir/build]
  ignore line: [make[1]: Entering directory '/home/PrivSphere/build/SEAL/CMakeFiles/CMakeTmp']
  ignore line: [Building CXX object CMakeFiles/cmTC_26fcf.dir/CMakeCXXCompilerABI.cpp.o]
  ignore line: [/usr/bin/g++   -v -o CMakeFiles/cmTC_26fcf.dir/CMakeCXXCompilerABI.cpp.o -c /root/cmake-3.23.3-linux-x86_64/share/cmake-3.23/Modules/CMakeCXXCompilerABI.cpp]
  ignore line: [Using built-in specs.]
  ignore line: [COLLECT_GCC=/usr/bin/g++]
  ignore line: [OFFLOAD_TARGET_NAMES=nvptx-none:hsa]
  ignore line: [OFFLOAD_TARGET_DEFAULT=1]
  ignore line: [Target: x86_64-linux-gnu]
  ignore line: [Configured with: ../src/configure -v --with-pkgversion='Ubuntu 9.4.0-1ubuntu1~20.04.2' --with-bugurl=file:///usr/share/doc/gcc-9/README.Bugs --enable-languages=c ada c++ go brig d fortran objc obj-c++ gm2 --prefix=/usr --with-gcc-major-version-only --program-suffix=-9 --program-prefix=x86_64-linux-gnu- --enable-shared --enable-linker-build-id --libexecdir=/usr/lib --without-included-gettext --enable-threads=posix --libdir=/usr/lib --enable-nls --enable-clocale=gnu --enable-libstdcxx-debug --enable-libstdcxx-time=yes --with-default-libstdcxx-abi=new --enable-gnu-unique-object --disable-vtable-verify --enable-plugin --enable-default-pie --with-system-zlib --with-target-system-zlib=auto --enable-objc-gc=auto --enable-multiarch --disable-werror --with-arch-32=i686 --with-abi=m64 --with-multilib-list=m32 m64 mx32 --enable-multilib --with-tune=generic --enable-offload-targets=nvptx-none=/build/gcc-9-9QDOt0/gcc-9-9.4.0/debian/tmp-nvptx/usr hsa --without-cuda-driver --enable-checking=release --build=x86_64-linux-gnu --host=x86_64-linux-gnu --target=x86_64-linux-gnu]
  ignore line: [Thread model: posix]
  ignore line: [gcc version 9.4.0 (Ubuntu 9.4.0-1ubuntu1~20.04.2) ]
  ignore line: [COLLECT_GCC_OPTIONS='-v' '-o' 'CMakeFiles/cmTC_26fcf.dir/CMakeCXXCompilerABI.cpp.o' '-c' '-shared-libgcc' '-mtune=generic' '-march=x86-64']
  ignore line: [ /usr/lib/gcc/x86_64-linux-gnu/9/cc1plus -quiet -v -imultiarch x86_64-linux-gnu -D_GNU_SOURCE /root/cmake-3.23.3-linux-x86_64/share/cmake-3.23/Modules/CMakeCXXCompilerABI.cpp -quiet -dumpbase CMakeCXXCompilerABI.cpp -mtune=generic -march=x86-64 -auxbase-strip CMakeFiles/cmTC_26fcf.dir/CMakeCXXCompilerABI.cpp.o -version -fasynchronous-unwind-tables -fstack-protector-strong -Wformat -Wformat-security -fstack-clash-protection -fcf-protection -o /tmp/ccQBqcHC.s]
  ignore line: [GNU C++14 (Ubuntu 9.4.0-1ubuntu1~20.04.2) version 9.4.0 (x86_64-linux-gnu)]
  ignore line: [	compiled by GNU C version 9.4.0  GMP version 6.2.0  MPFR version 4.0.2  MPC version 1.1.0  isl version isl-0.22.1-GMP]
  ignore line: []
  ignore line: [GGC heuristics: --param ggc-min-expand=100 --param ggc-min-heapsize=131072]
  ignore line: [ignoring duplicate directory "/usr/include/x86_64-linux-gnu/c++/9"]
  ignore line: [ignoring nonexistent directory "/usr/local/include/x86_64-linux-gnu"]
  ignore line: [ignoring nonexistent directory "/usr/lib/gcc/x86_64-linux-gnu/9/include-fixed"]
  ignore line: [ignoring nonexistent directory "/usr/lib/gcc/x86_64-linux-gnu/9/../../../../x86_64-linux-gnu/include"]
  ignore line: [#include "..." search starts here:]
  ignore line: [#include <...> search starts here:]
  ignore line: [ /usr/include/c++/9]
  ignore line: [ /usr/include/x86_64-linux-gnu/c++/9]
  ignore line: [ /usr/include/c++/9/backward]
  ignore line: [ /usr/lib/gcc/x86_64-linux-gnu/9/include]
  ignore line: [ /usr/local/include]
  ignore line: [ /usr/include/x86_64-linux-gnu]
  ignore line: [ /usr/include]
  ignore line: [End of search list.]
  ignore line: [GNU C++14 (Ubuntu 9.4.0-1ubuntu1~20.04.2) version 9.4.0 (x86_64-linux-gnu)]
  ignore line: [	compiled by GNU C version 9.4.0  GMP version 6.2.0  MPFR version 4.0.2  MPC version 1.1.0  isl version isl-0.22.1-GMP]
  ignore line: []
  ignore line: [GGC heuristics: --param ggc-min-expand=100 --param ggc-min-heapsize=131072]
  ignore line: [Compiler executable checksum: 3d1eba838554fa2348dba760e4770469]
  ignore line: [COLLECT_GCC_OPTIONS='-v' '-o' 'CMakeFiles/cmTC_26fcf.dir/CMakeCXXCompilerABI.cpp.o' '-c' '-shared-libgcc' '-mtune=generic' '-march=x86-64']
  ignore line: [ as -v --64 -o CMakeFiles/cmTC_26fcf.dir/CMakeCXXCompilerABI.cpp.o /tmp/ccQBqcHC.s]
  ignore line: [GNU assembler version 2.34 (x86_64-linux-gnu) using BFD version (GNU Binutils for Ubuntu) 2.34]
  ignore line: [COMPILER_PATH=/usr/lib/gcc/x86_64-linux-gnu/9/:/usr/lib/gcc/x86_64-linux-gnu/9/:/usr/lib/gcc/x86_64-linux-gnu/:/usr/lib/gcc/x86_64-linux-gnu/9/:/usr/lib/gcc/x86_64-linux-gnu/]
  ignore line: [LIBRARY_PATH=/usr/lib/gcc/x86_64-linux-gnu/9/:/usr/lib/gcc/x86_64-linux-gnu/9/../../../x86_64-linux-gnu/:/usr/lib/gcc/x86_64-linux-gnu/9/../../../../lib/:/lib/x86_64-linux-gnu/:/lib/../lib/:/usr/lib/x86_64-linux-gnu/:/usr/lib/../lib/:/usr/lib/gcc/x86_64-linux-gnu/9/../../../:/lib/:/usr/lib/]
  ignore line: [COLLECT_GCC_OPTIONS='-v' '-o' 'CMakeFiles/cmTC_26fcf.dir/CMakeCXXCompilerABI.cpp.o' '-c' '-shared-libgcc' '-mtune=generic' '-march=x86-64']
  ignore line: [Linking CXX executable cmTC_26fcf]
  ignore line: [/root/cmake-3.23.3-linux-x86_64/bin/cmake -E cmake_link_script CMakeFiles/cmTC_26fcf.dir/link.txt --verbose=1]
  ignore line: [/usr/bin/g++  -v CMakeFiles/cmTC_26fcf.dir/CMakeCXXCompilerABI.cpp.o -o cmTC_26fcf ]
  ignore line: [Using built-in specs.]
  ignore line: [COLLECT_GCC=/usr/bin/g++]
  ignore line: [COLLECT_LTO_WRAPPER=/usr/lib/gcc/x86_64-linux-gnu/9/lto-wrapper]
  ignore line: [OFFLOAD_TARGET_NAMES=nvptx-none:hsa]
  ignore line: [OFFLOAD_TARGET_DEFAULT=1]
  ignore line: [Target: x86_64-linux-gnu]
  ignore line: [Configured with: ../src/configure -v --with-pkgversion='Ubuntu 9.4.0-1ubuntu1~20.04.2' --with-bugurl=file:///usr/share/doc/gcc-9/README.Bugs --enable-languages=c ada c++ go brig d fortran objc obj-c++ gm2 --prefix=/usr --with-gcc-major-version-only --program-suffix=-9 --program-prefix=x86_64-linux-gnu- --enable-shared --enable-linker-build-id --libexecdir=/usr/lib --without-included-gettext --enable-threads=posix --libdir=/usr/lib --enable-nls --enable-clocale=gnu --enable-libstdcxx-debug --enable-libstdcxx-time=yes --with-default-libstdcxx-abi=new --enable-gnu-unique-object --disable-vtable-verify --enable-plugin --enable-default-pie --with-system-zlib --with-target-system-zlib=auto --enable-objc-gc=auto --enable-multiarch --disable-werror --with-arch-32=i686 --with-abi=m64 --with-multilib-list=m32 m64 mx32 --enable-multilib --with-tune=generic --enable-offload-targets=nvptx-none=/build/gcc-9-9QDOt0/gcc-9-9.4.0/debian/tmp-nvptx/usr hsa --without-cuda-driver --enable-checking=release --build=x86_64-linux-gnu --host=x86_64-linux-gnu --target=x86_64-linux-gnu]
  ignore line: [Thread model: posix]
  ignore line: [gcc version 9.4.0 (Ubuntu 9.4.0-1ubuntu1~20.04.2) ]
  ignore line: [COMPILER_PATH=/usr/lib/gcc/x86_64-linux-gnu/9/:/usr/lib/gcc/x86_64-linux-gnu/9/:/usr/lib/gcc/x86_64-linux-gnu/:/usr/lib/gcc/x86_64-linux-gnu/9/:/usr/lib/gcc/x86_64-linux-gnu/]
  ignore line: [LIBRARY_PATH=/usr/lib/gcc/x86_64-linux-gnu/9/:/usr/lib/gcc/x86_64-linux-gnu/9/../../../x86_64-linux-gnu/:/usr/lib/gcc/x86_64-linux-gnu/9/../../../../lib/:/lib/x86_64-linux-gnu/:/lib/../lib/:/usr/lib/x86_64-linux-gnu/:/usr/lib/../lib/:/usr/lib/gcc/x86_64-linux-gnu/9/../../../:/lib/:/usr/lib/]
  ignore line: [COLLECT_GCC_OPTIONS='-v' '-o' 'cmTC_26fcf' '-shared-libgcc' '-mtune=generic' '-march=x86-64']
  link line: [ /usr/lib/gcc/x86_64-linux-gnu/9/collect2 -plugin /usr/lib/gcc/x86_64-linux-gnu/9/liblto_plugin.so -plugin-opt=/usr/lib/gcc/x86_64-linux-gnu/9/lto-wrapper -plugin-opt=-fresolution=/tmp/ccKVhoB3.res -plugin-opt=-pass-through=-lgcc_s -plugin-opt=-pass-through=-lgcc -plugin-opt=-pass-through=-lc -plugin-opt=-pass-through=-lgcc_s -plugin-opt=-pass-through=-lgcc --build-id --eh-frame-hdr -m elf_x86_64 --hash-style=gnu --as-needed -dynamic-linker /lib64/ld-linux-x86-64.so.2 -pie -z now -z relro -o cmTC_26fcf /usr/lib/gcc/x86_64-linux-gnu/9/../../../x86_64-linux-gnu/Scrt1.o /usr/lib/gcc/x86_64-linux-gnu/9/../../../x86_64-linux-gnu/crti.o /usr/lib/gcc/x86_64-linux-gnu/9/crtbeginS.o -L/usr/lib/gcc/x86_64-linux-gnu/9 -L/usr/lib/gcc/x86_64-linux-gnu/9/../../../x86_64-linux-gnu -L/usr/lib/gcc/x86_64-linux-gnu/9/../../../../lib -L/lib/x86_64-linux-gnu -L/lib/../lib -L/usr/lib/x86_64-linux-gnu -L/usr/lib/../lib -L/usr/lib/gcc/x86_64-linux-gnu/9/../../.. CMakeFiles/cmTC_26fcf.dir/CMakeCXXCompilerABI.cpp.o -lstdc++ -lm -lgcc_s -lgcc -lc -lgcc_s -lgcc /usr/lib/gcc/x86_64-linux-gnu/9/crtendS.o /usr/lib/gcc/x86_64-linux-gnu/9/../../../x86_64-linux-gnu/crtn.o]
    arg [/usr/lib/gcc/x86_64-linux-gnu/9/collect2] ==> ignore
    arg [-plugin] ==> ignore
    arg [/usr/lib/gcc/x86_64-linux-gnu/9/liblto_plugin.so] ==> ignore
    arg [-plugin-opt=/usr/lib/gcc/x86_64-linux-gnu/9/lto-wrapper] ==> ignore
    arg [-plugin-opt=-fresolution=/tmp/ccKVhoB3.res] ==> ignore
    arg [-plugin-opt=-pass-through=-lgcc_s] ==> ignore
    arg [-plugin-opt=-pass-through=-lgcc] ==> ignore
    arg [-plugin-opt=-pass-through=-lc] ==> ignore
    arg [-plugin-opt=-pass-through=-lgcc_s] ==> ignore
    arg [-plugin-opt=-pass-through=-lgcc] ==> ignore
    arg [--build-id] ==> ignore
    arg [--eh-frame-hdr] ==> ignore
    arg [-m] ==> ignore
    arg [elf_x86_64] ==> ignore
    arg [--hash-style=gnu] ==> ignore
    arg [--as-needed] ==> ignore
    arg [-dynamic-linker] ==> ignore
    arg [/lib64/ld-linux-x86-64.so.2] ==> ignore
    arg [-pie] ==> ignore
    arg [-znow] ==> ignore
    arg [-zrelro] ==> ignore
    arg [-o] ==> ignore
    arg [cmTC_26fcf] ==> ignore
    arg [/usr/lib/gcc/x86_64-linux-gnu/9/../../../x86_64-linux-gnu/Scrt1.o] ==> obj [/usr/lib/gcc/x86_64-linux-gnu/9/../../../x86_64-linux-gnu/Scrt1.o]
    arg [/usr/lib/gcc/x86_64-linux-gnu/9/../../../x86_64-linux-gnu/crti.o] ==> obj [/usr/lib/gcc/x86_64-linux-gnu/9/../../../x86_64-linux-gnu/crti.o]
    arg [/usr/lib/gcc/x86_64-linux-gnu/9/crtbeginS.o] ==> obj [/usr/lib/gcc/x86_64-linux-gnu/9/crtbeginS.o]
    arg [-L/usr/lib/gcc/x86_64-linux-gnu/9] ==> dir [/usr/lib/gcc/x86_64-linux-gnu/9]
    arg [-L/usr/lib/gcc/x86_64-linux-gnu/9/../../../x86_64-linux-gnu] ==> dir [/usr/lib/gcc/x86_64-linux-gnu/9/../../../x86_64-linux-gnu]
    arg [-L/usr/lib/gcc/x86_64-linux-gnu/9/../../../../lib] ==> dir [/usr/lib/gcc/x86_64-linux-gnu/9/../../../../lib]
    arg [-L/lib/x86_64-linux-gnu] ==> dir [/lib/x86_64-linux-gnu]
    arg [-L/lib/../lib] ==> dir [/lib/../lib]
    arg [-L/usr/lib/x86_64-linux-gnu] ==> dir [/usr/lib/x86_64-linux-gnu]
    arg [-L/usr/lib/../lib] ==> dir [/usr/lib/../lib]
    arg [-L/usr/lib/gcc/x86_64-linux-gnu/9/../../..] ==> dir [/usr/lib/gcc/x86_64-linux-gnu/9/../../..]
    arg [CMakeFiles/cmTC_26fcf.dir/CMakeCXXCompilerABI.cpp.o] ==> ignore
    arg [-lstdc++] ==> lib [stdc++]
    arg [-lm] ==> lib [m]
    arg [-lgcc_s] ==> lib [gcc_s]
    arg [-lgcc] ==> lib [gcc]
    arg [-lc] ==> lib [c]
    arg [-lgcc_s] ==> lib [gcc_s]
    arg [-lgcc] ==> lib [gcc]
    arg [/usr/lib/gcc/x86_64-linux-gnu/9/crtendS.o] ==> obj [/usr/lib/gcc/x86_64-linux-gnu/9/crtendS.o]
    arg [/usr/lib/gcc/x86_64-linux-gnu/9/../../../x86_64-linux-gnu/crtn.o] ==> obj [/usr/lib/gcc/x86_64-linux-gnu/9/../../../x86_64-linux-gnu/crtn.o]
  collapse obj [/usr/lib/gcc/x86_64-linux-gnu/9/../../../x86_64-linux-gnu/Scrt1.o] ==> [/usr/lib/x86_64-linux-gnu/Scrt1.o]
  collapse obj [/usr/lib/gcc/x86_64-linux-gnu/9/../../../x86_64-linux-gnu/crti.o] ==> [/usr/lib/x86_64-linux-gnu/crti.o]
  collapse obj [/usr/lib/gcc/x86_64-linux-gnu/9/../../../x86_64-linux-gnu/crtn.o] ==> [/usr/lib/x86_64-linux-gnu/crtn.o]
  collapse library dir [/usr/lib/gcc/x86_64-linux-gnu/9] ==> [/usr/lib/gcc/x86_64-linux-gnu/9]
  collapse library dir [/usr/lib/gcc/x86_64-linux-gnu/9/../../../x86_64-linux-gnu] ==> [/usr/lib/x86_64-linux-gnu]
  collapse library dir [/usr/lib/gcc/x86_64-linux-gnu/9/../../../../lib] ==> [/usr/lib]
  collapse library dir [/lib/x86_64-linux-gnu] ==> [/lib/x86_64-linux-gnu]
  collapse library dir [/lib/../lib] ==> [/lib]
  collapse library dir [/usr/lib/x86_64-linux-gnu] ==> [/usr/lib/x86_64-linux-gnu]
  collapse library dir [/usr/lib/../lib] ==> [/usr/lib]
  collapse library dir [/usr/lib/gcc/x86_64-linux-gnu/9/../../..] ==> [/usr/lib]
  implicit libs: [stdc++;m;gcc_s;gcc;c;gcc_s;gcc]
  implicit objs: [/usr/lib/x86_64-linux-gnu/Scrt1.o;/usr/lib/x86_64-linux-gnu/crti.o;/usr/lib/gcc/x86_64-linux-gnu/9/crtbeginS.o;/usr/lib/gcc/x86_64-linux-gnu/9/crtendS.o;/usr/lib/x86_64-linux-gnu/crtn.o]
  implicit dirs: [/usr/lib/gcc/x86_64-linux-gnu/9;/usr/lib/x86_64-linux-gnu;/usr/lib;/lib/x86_64-linux-gnu;/lib]
  implicit fwks: []


Detecting C compiler ABI info compiled with the following output:
Change Dir: /home/PrivSphere/build/SEAL/CMakeFiles/CMakeTmp

Run Build Command(s):/usr/bin/make -f Makefile cmTC_d287f/fast && /usr/bin/make  -f CMakeFiles/cmTC_d287f.dir/build.make CMakeFiles/cmTC_d287f.dir/build
make[1]: Entering directory '/home/PrivSphere/build/SEAL/CMakeFiles/CMakeTmp'
Building C object CMakeFiles/cmTC_d287f.dir/CMakeCCompilerABI.c.o
/usr/bin/gcc   -v -o CMakeFiles/cmTC_d287f.dir/CMakeCCompilerABI.c.o -c /root/cmake-3.23.3-linux-x86_64/share/cmake-3.23/Modules/CMakeCCompilerABI.c
Using built-in specs.
COLLECT_GCC=/usr/bin/gcc
OFFLOAD_TARGET_NAMES=nvptx-none:hsa
OFFLOAD_TARGET_DEFAULT=1
Target: x86_64-linux-gnu
Configured with: ../src/configure -v --with-pkgversion='Ubuntu 9.4.0-1ubuntu1~20.04.2' --with-bugurl=file:///usr/share/doc/gcc-9/README.Bugs --enable-languages=c,ada,c++,go,brig,d,fortran,objc,obj-c++,gm2 --prefix=/usr --with-gcc-major-version-only --program-suffix=-9 --program-prefix=x86_64-linux-gnu- --enable-shared --enable-linker-build-id --libexecdir=/usr/lib --without-included-gettext --enable-threads=posix --libdir=/usr/lib --enable-nls --enable-clocale=gnu --enable-libstdcxx-debug --enable-libstdcxx-time=yes --with-default-libstdcxx-abi=new --enable-gnu-unique-object --disable-vtable-verify --enable-plugin --enable-default-pie --with-system-zlib --with-target-system-zlib=auto --enable-objc-gc=auto --enable-multiarch --disable-werror --with-arch-32=i686 --with-abi=m64 --with-multilib-list=m32,m64,mx32 --enable-multilib --with-tune=generic --enable-offload-targets=nvptx-none=/build/gcc-9-9QDOt0/gcc-9-9.4.0/debian/tmp-nvptx/usr,hsa --without-cuda-driver --enable-checking=release --build=x86_64-linux-gnu --host=x86_64-linux-gnu --target=x86_64-linux-gnu
Thread model: posix
gcc version 9.4.0 (Ubuntu 9.4.0-1ubuntu1~20.04.2) 
COLLECT_GCC_OPTIONS='-v' '-o' 'CMakeFiles/cmTC_d287f.dir/CMakeCCompilerABI.c.o' '-c' '-mtune=generic' '-march=x86-64'
 /usr/lib/gcc/x86_64-linux-gnu/9/cc1 -quiet -v -imultiarch x86_64-linux-gnu /root/cmake-3.23.3-linux-x86_64/share/cmake-3.23/Modules/CMakeCCompilerABI.c -quiet -dumpbase CMakeCCompilerABI.c -mtune=generic -march=x86-64 -auxbase-strip CMakeFiles/cmTC_d287f.dir/CMakeCCompilerABI.c.o -version -fasynchronous-unwind-tables -fstack-protector-strong -Wformat -Wformat-security -fstack-clash-protection -fcf-protection -o /tmp/ccZdc53B.s
GNU C17 (Ubuntu 9.4.0-1ubuntu1~20.04.2) version 9.4.0 (x86_64-linux-gnu)
	compiled by GNU C version 9.4.0, GMP version 6.2.0, MPFR version 4.0.2, MPC version 1.1.0, isl version isl-0.22.1-GMP

GGC heuristics: --param ggc-min-expand=100 --param ggc-min-heapsize=131072
ignoring nonexistent directory "/usr/local/include/x86_64-linux-gnu"
ignoring nonexistent directory "/usr/lib/gcc/x86_64-linux-gnu/9/include-fixed"
ignoring nonexistent directory "/usr/lib/gcc/x86_64-linux-gnu/9/../../../../x86_64-linux-gnu/include"
#include "..." search starts here:
#include <...> search starts here:
 /usr/lib/gcc/x86_64-linux-gnu/9/include
 /usr/local/include
 /usr/include/x86_64-linux-gnu
 /usr/include
End of search list.
GNU C17 (Ubuntu 9.4.0-1ubuntu1~20.04.2) version 9.4.0 (x86_64-linux-gnu)
	compiled by GNU C version 9.4.0, GMP version 6.2.0, MPFR version 4.0.2, MPC version 1.1.0, isl version isl-0.22.1-GMP

GGC heuristics: --param ggc-min-expand=100 --param ggc-min-heapsize=131072
Compiler executable checksum: 01da938ff5dc2163489aa33cb3b747a7
COLLECT_GCC_OPTIONS='-v' '-o' 'CMakeFiles/cmTC_d287f.dir/CMakeCCompilerABI.c.o' '-c' '-mtune=generic' '-march=x86-64'
 as -v --64 -o CMakeFiles/cmTC_d287f.dir/CMakeCCompilerABI.c.o /tmp/ccZdc53B.s
GNU assembler version 2.34 (x86_64-linux-gnu) using BFD version (GNU Binutils for Ubuntu) 2.34
COMPILER_PATH=/usr/lib/gcc/x86_64-linux-gnu/9/:/usr/lib/gcc/x86_64-linux-gnu/9/:/usr/lib/gcc/x86_64-linux-gnu/:/usr/lib/gcc/x86_64-linux-gnu/9/:/usr/lib/gcc/x86_64-linux-gnu/
LIBRARY_PATH=/usr/lib/gcc/x86_64-linux-gnu/9/:/usr/lib/gcc/x86_64-linux-gnu/9/../../../x86_64-linux-gnu/:/usr/lib/gcc/x86_64-linux-gnu/9/../../../../lib/:/lib/x86_64-linux-gnu/:/lib/../lib/:/usr/lib/x86_64-linux-gnu/:/usr/lib/../lib/:/usr/lib/gcc/x86_64-linux-gnu/9/../../../:/lib/:/usr/lib/
COLLECT_GCC_OPTIONS='-v' '-o' 'CMakeFiles/cmTC_d287f.dir/CMakeCCompilerABI.c.o' '-c' '-mtune=generic' '-march=x86-64'
Linking C executable cmTC_d287f
/root/cmake-3.23.3-linux-x86_64/bin/cmake -E cmake_link_script CMakeFiles/cmTC_d287f.dir/link.txt --verbose=1
/usr/bin/gcc  -v CMakeFiles/cmTC_d287f.dir/CMakeCCompilerABI.c.o -o cmTC_d287f 
Using built-in specs.
COLLECT_GCC=/usr/bin/gcc
COLLECT_LTO_WRAPPER=/usr/lib/gcc/x86_64-linux-gnu/9/lto-wrapper
OFFLOAD_TARGET_NAMES=nvptx-none:hsa
OFFLOAD_TARGET_DEFAULT=1
Target: x86_64-linux-gnu
Configured with: ../src/configure -v --with-pkgversion='Ubuntu 9.4.0-1ubuntu1~20.04.2' --with-bugurl=file:///usr/share/doc/gcc-9/README.Bugs --enable-languages=c,ada,c++,go,brig,d,fortran,objc,obj-c++,gm2 --prefix=/usr --with-gcc-major-version-only --program-suffix=-9 --program-prefix=x86_64-linux-gnu- --enable-shared --enable-linker-build-id --libexecdir=/usr/lib --without-included-gettext --enable-threads=posix --libdir=/usr/lib --enable-nls --enable-clocale=gnu --enable-libstdcxx-debug --enable-libstdcxx-time=yes --with-default-libstdcxx-abi=new --enable-gnu-unique-object --disable-vtable-verify --enable-plugin --enable-default-pie --with-system-zlib --with-target-system-zlib=auto --enable-objc-gc=auto --enable-multiarch --disable-werror --with-arch-32=i686 --with-abi=m64 --with-multilib-list=m32,m64,mx32 --enable-multilib --with-tune=generic --enable-offload-targets=nvptx-none=/build/gcc-9-9QDOt0/gcc-9-9.4.0/debian/tmp-nvptx/usr,hsa --without-cuda-driver --enable-checking=release --build=x86_64-linux-gnu --host=x86_64-linux-gnu --target=x86_64-linux-gnu
Thread model: posix
gcc version 9.4.0 (Ubuntu 9.4.0-1ubuntu1~20.04.2) 
COMPILER_PATH=/usr/lib/gcc/x86_64-linux-gnu/9/:/usr/lib/gcc/x86_64-linux-gnu/9/:/usr/lib/gcc/x86_64-linux-gnu/:/usr/lib/gcc/x86_64-linux-gnu/9/:/usr/lib/gcc/x86_64-linux-gnu/
LIBRARY_PATH=/usr/lib/gcc/x86_64-linux-gnu/9/:/usr/lib/gcc/x86_64-linux-gnu/9/../../../x86_64-linux-gnu/:/usr/lib/gcc/x86_64-linux-gnu/9/../../../../lib/:/lib/x86_64-linux-gnu/:/lib/../lib/:/usr/lib/x86_64-linux-gnu/:/usr/lib/../lib/:/usr/lib/gcc/x86_64-linux-gnu/9/../../../:/lib/:/usr/lib/
COLLECT_GCC_OPTIONS='-v' '-o' 'cmTC_d287f' '-mtune=generic' '-march=x86-64'
 /usr/lib/gcc/x86_64-linux-gnu/9/collect2 -plugin /usr/lib/gcc/x86_64-linux-gnu/9/liblto_plugin.so -plugin-opt=/usr/lib/gcc/x86_64-linux-gnu/9/lto-wrapper -plugin-opt=-fresolution=/tmp/ccTGtym3.res -plugin-opt=-pass-through=-lgcc -plugin-opt=-pass-through=-lgcc_s -plugin-opt=-pass-through=-lc -plugin-opt=-pass-through=-lgcc -plugin-opt=-pass-through=-lgcc_s --build-id --eh-frame-hdr -m elf_x86_64 --hash-style=gnu --as-needed -dynamic-linker /lib64/ld-linux-x86-64.so.2 -pie -z now -z relro -o cmTC_d287f /usr/lib/gcc/x86_64-linux-gnu/9/../../../x86_64-linux-gnu/Scrt1.o /usr/lib/gcc/x86_64-linux-gnu/9/../../../x86_64-linux-gnu/crti.o /usr/lib/gcc/x86_64-linux-gnu/9/crtbeginS.o -L/usr/lib/gcc/x86_64-linux-gnu/9 -L/usr/lib/gcc/x86_64-linux-gnu/9/../../../x86_64-linux-gnu -L/usr/lib/gcc/x86_64-linux-gnu/9/../../../../lib -L/lib/x86_64-linux-gnu -L/lib/../lib -L/usr/lib/x86_64-linux-gnu -L/usr/lib/../lib -L/usr/lib/gcc/x86_64-linux-gnu/9/../../.. CMakeFiles/cmTC_d287f.dir/CMakeCCompilerABI.c.o -lgcc --push-state --as-needed -lgcc_s --pop-state -lc -lgcc --push-state --as-needed -lgcc_s --pop-state /usr/lib/gcc/x86_64-linux-gnu/9/crtendS.o /usr/lib/gcc/x86_64-linux-gnu/9/../../../x86_64-linux-gnu/crtn.o
COLLECT_GCC_OPTIONS='-v' '-o' 'cmTC_d287f' '-mtune=generic' '-march=x86-64'
make[1]: Leaving directory '/home/PrivSphere/build/SEAL/CMakeFiles/CMakeTmp'



Parsed C implicit include dir info from above output: rv=done
  found start of include info
  found start of implicit include info
    add: [/usr/lib/gcc/x86_64-linux-gnu/9/include]
    add: [/usr/local/include]
    add: [/usr/include/x86_64-linux-gnu]
    add: [/usr/include]
  end of search list found
  collapse include dir [/usr/lib/gcc/x86_64-linux-gnu/9/include] ==> [/usr/lib/gcc/x86_64-linux-gnu/9/include]
  collapse include dir [/usr/local/include] ==> [/usr/local/include]
  collapse include dir [/usr/include/x86_64-linux-gnu] ==> [/usr/include/x86_64-linux-gnu]
  collapse include dir [/usr/include] ==> [/usr/include]
  implicit include dirs: [/usr/lib/gcc/x86_64-linux-gnu/9/include;/usr/local/include;/usr/include/x86_64-linux-gnu;/usr/include]


Parsed C implicit link information from above output:
  link line regex: [^( *|.*[/\])(ld|CMAKE_LINK_STARTFILE-NOTFOUND|([^/\]+-)?ld|collect2)[^/\]*( |$)]
  ignore line: [Change Dir: /home/PrivSphere/build/SEAL/CMakeFiles/CMakeTmp]
  ignore line: []
  ignore line: [Run Build Command(s):/usr/bin/make -f Makefile cmTC_d287f/fast && /usr/bin/make  -f CMakeFiles/cmTC_d287f.dir/build.make CMakeFiles/cmTC_d287f.dir/build]
  ignore line: [make[1]: Entering directory '/home/PrivSphere/build/SEAL/CMakeFiles/CMakeTmp']
  ignore line: [Building C object CMakeFiles/cmTC_d287f.dir/CMakeCCompilerABI.c.o]
  ignore line: [/usr/bin/gcc   -v -o CMakeFiles/cmTC_d287f.dir/CMakeCCompilerABI.c.o -c /root/cmake-3.23.3-linux-x86_64/share/cmake-3.23/Modules/CMakeCCompilerABI.c]
  ignore line: [Using built-in specs.]
  ignore line: [COLLECT_GCC=/usr/bin/gcc]
  ignore line: [OFFLOAD_TARGET_NAMES=nvptx-none:hsa]
  ignore line: [OFFLOAD_TARGET_DEFAULT=1]
  ignore line: [Target: x86_64-linux-gnu]
  ignore line: [Configured with: ../src/configure -v --with-pkgversion='Ubuntu 9.4.0-1ubuntu1~20.04.2' --with-bugurl=file:///usr/share/doc/gcc-9/README.Bugs --enable-languages=c ada c++ go brig d fortran objc obj-c++ gm2 --prefix=/usr --with-gcc-major-version-only --program-suffix=-9 --program-prefix=x86_64-linux-gnu- --enable-shared --enable-linker-build-id --libexecdir=/usr/lib --without-included-gettext --enable-threads=posix --libdir=/usr/lib --enable-nls --enable-clocale=gnu --enable-libstdcxx-debug --enable-libstdcxx-time=yes --with-default-libstdcxx-abi=new --enable-gnu-unique-object --disable-vtable-verify --enable-plugin --enable-default-pie --with-system-zlib --with-target-system-zlib=auto --enable-objc-gc=auto --enable-multiarch --disable-werror --with-arch-32=i686 --with-abi=m64 --with-multilib-list=m32 m64 mx32 --enable-multilib --with-tune=generic --enable-offload-targets=nvptx-none=/build/gcc-9-9QDOt0/gcc-9-9.4.0/debian/tmp-nvptx/usr hsa --without-cuda-driver --enable-checking=release --build=x86_64-linux-gnu --host=x86_64-linux-gnu --target=x86_64-linux-gnu]
  ignore line: [Thread model: posix]
  ignore line: [gcc version 9.4.0 (Ubuntu 9.4.0-1ubuntu1~20.04.2) ]
  ignore line: [COLLECT_GCC_OPTIONS='-v' '-o' 'CMakeFiles/cmTC_d287f.dir/CMakeCCompilerABI.c.o' '-c' '-mtune=generic' '-march=x86-64']
  ignore line: [ /usr/lib/gcc/x86_64-linux-gnu/9/cc1 -quiet -v -imultiarch x86_64-linux-gnu /root/cmake-3.23.3-linux-x86_64/share/cmake-3.23/Modules/CMakeCCompilerABI.c -quiet -dumpbase CMakeCCompilerABI.c -mtune=generic -march=x86-64 -auxbase-strip CMakeFiles/cmTC_d287f.dir/CMakeCCompilerABI.c.o -version -fasynchronous-unwind-tables -fstack-protector-strong -Wformat -Wformat-security -fstack-clash-protection -fcf-protection -o /tmp/ccZdc53B.s]
  ignore line: [GNU C17 (Ubuntu 9.4.0-1ubuntu1~20.04.2) version 9.4.0 (x86_64-linux-gnu)]
  ignore line: [	compiled by GNU C version 9.4.0  GMP version 6.2.0  MPFR version 4.0.2  MPC version 1.1.0  isl version isl-0.22.1-GMP]
  ignore line: []
  ignore line: [GGC heuristics: --param ggc-min-expand=100 --param ggc-min-heapsize=131072]
  ignore line: [ignoring nonexistent directory "/usr/local/include/x86_64-linux-gnu"]
  ignore line: [ignoring nonexistent directory "/usr/lib/gcc/x86_64-linux-gnu/9/include-fixed"]
  ignore line: [ignoring nonexistent directory "/usr/lib/gcc/x86_64-linux-gnu/9/../../../../x86_64-linux-gnu/include"]
  ignore line: [#include "..." search starts here:]
  ignore line: [#include <...> search starts here:]
  ignore line: [ /usr/lib/gcc/x86_64-linux-gnu/9/include]
  ignore line: [ /usr/local/include]
  ignore line: [ /usr/include/x86_64-linux-gnu]
  ignore line: [ /usr/include]
  ignore line: [End of search list.]
  ignore line: [GNU C17 (Ubuntu 9.4.0-1ubuntu1~20.04.2) version 9.4.0 (x86_64-linux-gnu)]
  ignore line: [	compiled by GNU C version 9.4.0  GMP version 6.2.0  MPFR version 4.0.2  MPC version 1.1.0  isl version isl-0.22.1-GMP]
  ignore line: []
  ignore line: [GGC heuristics: --param ggc-min-expand=100 --param ggc-min-heapsize=131072]
  ignore line: [Compiler executable checksum: 01da938ff5dc2163489aa33cb3b747a7]
  ignore line: [COLLECT_GCC_OPTIONS='-v' '-o' 'CMakeFiles/cmTC_d287f.dir/CMakeCCompilerABI.c.o' '-c' '-mtune=generic' '-march=x86-64']
  ignore line: [ as -v --64 -o CMakeFiles/cmTC_d287f.dir/CMakeCCompilerABI.c.o /tmp/ccZdc53B.s]
  ignore line: [GNU assembler version 2.34 (x86_64-linux-gnu) using BFD version (GNU Binutils for Ubuntu) 2.34]
  ignore line: [COMPILER_PATH=/usr/lib/gcc/x86_64-linux-gnu/9/:/usr/lib/gcc/x86_64-linux-gnu/9/:/usr/lib/gcc/x86_64-linux-gnu/:/usr/lib/gcc/x86_64-linux-gnu/9/:/usr/lib/gcc/x86_64-linux-gnu/]
  ignore line: [LIBRARY_PATH=/usr/lib/gcc/x86_64-linux-gnu/9/:/usr/lib/gcc/x86_64-linux-gnu/9/../../../x86_64-linux-gnu/:/usr/lib/gcc/x86_64-linux-gnu/9/../../../../lib/:/lib/x86_64-linux-gnu/:/lib/../lib/:/usr/lib/x86_64-linux-gnu/:/usr/lib/../lib/:/usr/lib/gcc/x86_64-linux-gnu/9/../../../:/lib/:/usr/lib/]
  ignore line: [COLLECT_GCC_OPTIONS='-v' '-o' 'CMakeFiles/cmTC_d287f.dir/CMakeCCompilerABI.c.o' '-c' '-mtune=generic' '-march=x86-64']
  ignore line: [Linking C executable cmTC_d287f]
  ignore line: [/root/cmake-3.23.3-linux-x86_64/bin/cmake -E cmake_link_script CMakeFiles/cmTC_d287f.dir/link.txt --verbose=1]
  ignore line: [/usr/bin/gcc  -v CMakeFiles/cmTC_d287f.dir/CMakeCCompilerABI.c.o -o cmTC_d287f ]
  ignore line: [Using built-in specs.]
  ignore line: [COLLECT_GCC=/usr/bin/gcc]
  ignore line: [COLLECT_LTO_WRAPPER=/usr/lib/gcc/x86_64-linux-gnu/9/lto-wrapper]
  ignore line: [OFFLOAD_TARGET_NAMES=nvptx-none:hsa]
  ignore line: [OFFLOAD_TARGET_DEFAULT=1]
  ignore line: [Target: x86_64-linux-gnu]
  ignore line: [Configured with: ../src/configure -v --with-pkgversion='Ubuntu 9.4.0-1ubuntu1~20.04.2' --with-bugurl=file:///usr/share/doc/gcc-9/README.Bugs --enable-languages=c ada c++ go brig d fortran objc obj-c++ gm2 --prefix=/usr --with-gcc-major-version-only --program-suffix=-9 --program-prefix=x86_64-linux-gnu- --enable-shared --enable-linker-build-id --libexecdir=/usr/lib --without-included-gettext --enable-threads=posix --libdir=/usr/lib --enable-nls --enable-clocale=gnu --enable-libstdcxx-debug --enable-libstdcxx-time=yes --with-default-libstdcxx-abi=new --enable-gnu-unique-object --disable-vtable-verify --enable-plugin --enable-default-pie --with-system-zlib --with-target-system-zlib=auto --enable-objc-gc=auto --enable-multiarch --disable-werror --with-arch-32=i686 --with-abi=m64 --with-multilib-list=m32 m64 mx32 --enable-multilib --with-tune=generic --enable-offload-targets=nvptx-none=/build/gcc-9-9QDOt0/gcc-9-9.4.0/debian/tmp-nvptx/usr hsa --without-cuda-driver --enable-checking=release --build=x86_64-linux-gnu --host=x86_64-linux-gnu --target=x86_64-linux-gnu]
  ignore line: [Thread model: posix]
  ignore line: [gcc version 9.4.0 (Ubuntu 9.4.0-1ubuntu1~20.04.2) ]
  ignore line: [COMPILER_PATH=/usr/lib/gcc/x86_64-linux-gnu/9/:/usr/lib/gcc/x86_64-linux-gnu/9/:/usr/lib/gcc/x86_64-linux-gnu/:/usr/lib/gcc/x86_64-linux-gnu/9/:/usr/lib/gcc/x86_64-linux-gnu/]
  ignore line: [LIBRARY_PATH=/usr/lib/gcc/x86_64-linux-gnu/9/:/usr/lib/gcc/x86_64-linux-gnu/9/../../../x86_64-linux-gnu/:/usr/lib/gcc/x86_64-linux-gnu/9/../../../../lib/:/lib/x86_64-linux-gnu/:/lib/../lib/:/usr/lib/x86_64-linux-gnu/:/usr/lib/../lib/:/usr/lib/gcc/x86_64-linux-gnu/9/../../../:/lib/:/usr/lib/]
  ignore line: [COLLECT_GCC_OPTIONS='-v' '-o' 'cmTC_d287f' '-mtune=generic' '-march=x86-64']
  link line: [ /usr/lib/gcc/x86_64-linux-gnu/9/collect2 -plugin /usr/lib/gcc/x86_64-linux-gnu/9/liblto_plugin.so -plugin-opt=/usr/lib/gcc/x86_64-linux-gnu/9/lto-wrapper -plugin-opt=-fresolution=/tmp/ccTGtym3.res -plugin-opt=-pass-through=-lgcc -plugin-opt=-pass-through=-lgcc_s -plugin-opt=-pass-through=-lc -plugin-opt=-pass-through=-lgcc -plugin-opt=-pass-through=-lgcc_s --build-id --eh-frame-hdr -m elf_x86_64 --hash-style=gnu --as-needed -dynamic-linker /lib64/ld-linux-x86-64.so.2 -pie -z now -z relro -o cmTC_d287f /usr/lib/gcc/x86_64-linux-gnu/9/../../../x86_64-linux-gnu/Scrt1.o /usr/lib/gcc/x86_64-linux-gnu/9/../../../x86_64-linux-gnu/crti.o /usr/lib/gcc/x86_64-linux-gnu/9/crtbeginS.o -L/usr/lib/gcc/x86_64-linux-gnu/9 -L/usr/lib/gcc/x86_64-linux-gnu/9/../../../x86_64-linux-gnu -L/usr/lib/gcc/x86_64-linux-gnu/9/../../../../lib -L/lib/x86_64-linux-gnu -L/lib/../lib -L/usr/lib/x86_64-linux-gnu -L/usr/lib/../lib -L/usr/lib/gcc/x86_64-linux-gnu/9/../../.. CMakeFiles/cmTC_d287f.dir/CMakeCCompilerABI.c.o -lgcc --push-state --as-needed -lgcc_s --pop-state -lc -lgcc --push-state --as-needed -lgcc_s --pop-state /usr/lib/gcc/x86_64-linux-gnu/9/crtendS.o /usr/lib/gcc/x86_64-linux-gnu/9/../../../x86_64-linux-gnu/crtn.o]
    arg [/usr/lib/gcc/x86_64-linux-gnu/9/collect2] ==> ignore
    arg [-plugin] ==> ignore
    arg [/usr/lib/gcc/x86_64-linux-gnu/9/liblto_plugin.so] ==> ignore
    arg [-plugin-opt=/usr/lib/gcc/x86_64-linux-gnu/9/lto-wrapper] ==> ignore
    arg [-plugin-opt=-fresolution=/tmp/ccTGtym3.res] ==> ignore
    arg [-plugin-opt=-pass-through=-lgcc] ==> ignore
    arg [-plugin-opt=-pass-through=-lgcc_s] ==> ignore
    arg [-plugin-opt=-pass-through=-lc] ==> ignore
    arg [-plugin-opt=-pass-through=-lgcc] ==> ignore
    arg [-plugin-opt=-pass-through=-lgcc_s] ==> ignore
    arg [--build-id] ==> ignore
    arg [--eh-frame-hdr] ==> ignore
    arg [-m] ==> ignore
    arg [elf_x86_64] ==> ignore
    arg [--hash-style=gnu] ==> ignore
    arg [--as-needed] ==> ignore
    arg [-dynamic-linker] ==> ignore
    arg [/lib64/ld-linux-x86-64.so.2] ==> ignore
    arg [-pie] ==> ignore
    arg [-znow] ==> ignore
    arg [-zrelro] ==> ignore
    arg [-o] ==> ignore
    arg [cmTC_d287f] ==> ignore
    arg [/usr/lib/gcc/x86_64-linux-gnu/9/../../../x86_64-linux-gnu/Scrt1.o] ==> obj [/usr/lib/gcc/x86_64-linux-gnu/9/../../../x86_64-linux-gnu/Scrt1.o]
    arg [/usr/lib/gcc/x86_64-linux-gnu/9/../../../x86_64-linux-gnu/crti.o] ==> obj [/usr/lib/gcc/x86_64-linux-gnu/9/../../../x86_64-linux-gnu/crti.o]
    arg [/usr/lib/gcc/x86_64-linux-gnu/9/crtbeginS.o] ==> obj [/usr/lib/gcc/x86_64-linux-gnu/9/crtbeginS.o]
    arg [-L/usr/lib/gcc/x86_64-linux-gnu/9] ==> dir [/usr/lib/gcc/x86_64-linux-gnu/9]
    arg [-L/usr/lib/gcc/x86_64-linux-gnu/9/../../../x86_64-linux-gnu] ==> dir [/usr/lib/gcc/x86_64-linux-gnu/9/../../../x86_64-linux-gnu]
    arg [-L/usr/lib/gcc/x86_64-linux-gnu/9/../../../../lib] ==> dir [/usr/lib/gcc/x86_64-linux-gnu/9/../../../../lib]
    arg [-L/lib/x86_64-linux-gnu] ==> dir [/lib/x86_64-linux-gnu]
    arg [-L/lib/../lib] ==> dir [/lib/../lib]
    arg [-L/usr/lib/x86_64-linux-gnu] ==> dir [/usr/lib/x86_64-linux-gnu]
    arg [-L/usr/lib/../lib] ==> dir [/usr/lib/../lib]
    arg [-L/usr/lib/gcc/x86_64-linux-gnu/9/../../..] ==> dir [/usr/lib/gcc/x86_64-linux-gnu/9/../../..]
    arg [CMakeFiles/cmTC_d287f.dir/CMakeCCompilerABI.c.o] ==> ignore
    arg [-lgcc] ==> lib [gcc]
    arg [--push-state] ==> ignore
    arg [--as-needed] ==> ignore
    arg [-lgcc_s] ==> lib [gcc_s]
    arg [--pop-state] ==> ignore
    arg [-lc] ==> lib [c]
    arg [-lgcc] ==> lib [gcc]
    arg [--push-state] ==> ignore
    arg [--as-needed] ==> ignore
    arg [-lgcc_s] ==> lib [gcc_s]
    arg [--pop-state] ==> ignore
    arg [/usr/lib/gcc/x86_64-linux-gnu/9/crtendS.o] ==> obj [/usr/lib/gcc/x86_64-linux-gnu/9/crtendS.o]
    arg [/usr/lib/gcc/x86_64-linux-gnu/9/../../../x86_64-linux-gnu/crtn.o] ==> obj [/usr/lib/gcc/x86_64-linux-gnu/9/../../../x86_64-linux-gnu/crtn.o]
  collapse obj [/usr/lib/gcc/x86_64-linux-gnu/9/../../../x86_64-linux-gnu/Scrt1.o] ==> [/usr/lib/x86_64-linux-gnu/Scrt1.o]
  collapse obj [/usr/lib/gcc/x86_64-linux-gnu/9/../../../x86_64-linux-gnu/crti.o] ==> [/usr/lib/x86_64-linux-gnu/crti.o]
  collapse obj [/usr/lib/gcc/x86_64-linux-gnu/9/../../../x86_64-linux-gnu/crtn.o] ==> [/usr/lib/x86_64-linux-gnu/crtn.o]
  collapse library dir [/usr/lib/gcc/x86_64-linux-gnu/9] ==> [/usr/lib/gcc/x86_64-linux-gnu/9]
  collapse library dir [/usr/lib/gcc/x86_64-linux-gnu/9/../../../x86_64-linux-gnu] ==> [/usr/lib/x86_64-linux-gnu]
  collapse library dir [/usr/lib/gcc/x86_64-linux-gnu/9/../../../../lib] ==> [/usr/lib]
  collapse library dir [/lib/x86_64-linux-gnu] ==> [/lib/x86_64-linux-gnu]
  collapse library dir [/lib/../lib] ==> [/lib]
  collapse library dir [/usr/lib/x86_64-linux-gnu] ==> [/usr/lib/x86_64-linux-gnu]
  collapse library dir [/usr/lib/../lib] ==> [/usr/lib]
  collapse library dir [/usr/lib/gcc/x86_64-linux-gnu/9/../../..] ==> [/usr/lib]
  implicit libs: [gcc;gcc_s;c;gcc;gcc_s]
  implicit objs: [/usr/lib/x86_64-linux-gnu/Scrt1.o;/usr/lib/x86_64-linux-gnu/crti.o;/usr/lib/gcc/x86_64-linux-gnu/9/crtbeginS.o;/usr/lib/gcc/x86_64-linux-gnu/9/crtendS.o;/usr/lib/x86_64-linux-gnu/crtn.o]
  implicit dirs: [/usr/lib/gcc/x86_64-linux-gnu/9;/usr/lib/x86_64-linux-gnu;/usr/lib;/lib/x86_64-linux-gnu;/lib]
  implicit fwks: []


Performing C++ SOURCE FILE Test USE_STD_FOR_EACH_N succeeded with the following output:
Change Dir: /home/PrivSphere/build/SEAL/CMakeFiles/CMakeTmp

Run Build Command(s):/usr/bin/make -f Makefile cmTC_2635a/fast && /usr/bin/make  -f CMakeFiles/cmTC_2635a.dir/build.make CMakeFiles/cmTC_2635a.dir/build
make[1]: Entering directory '/home/PrivSphere/build/SEAL/CMakeFiles/CMakeTmp'
Building CXX object CMakeFiles/cmTC_2635a.dir/src.cxx.o
/usr/bin/g++ -DUSE_STD_FOR_EACH_N  -O0 -std=c++17 -fPIE -o CMakeFiles/cmTC_2635a.dir/src.cxx.o -c /home/PrivSphere/build/SEAL/CMakeFiles/CMakeTmp/src.cxx
Linking CXX executable cmTC_2635a
/root/cmake-3.23.3-linux-x86_64/bin/cmake -E cmake_link_script CMakeFiles/cmTC_2635a.dir/link.txt --verbose=1
/usr/bin/g++   -O0 -std=c++17 CMakeFiles/cmTC_2635a.dir/src.cxx.o -o cmTC_2635a 
make[1]: Leaving directory '/home/PrivSphere/build/SEAL/CMakeFiles/CMakeTmp'


Source file was:

            #include <algorithm>
            int main() {
                int a[1]{ 0 };
                volatile auto fun = std::for_each_n(a, 1, [](auto b) {});
                return 0;
            }
Determining if the include file sys/types.h exists passed with the following output:
Change Dir: /home/PrivSphere/build/SEAL/CMakeFiles/CMakeTmp

Run Build Command(s):/usr/bin/make -f Makefile cmTC_c5cf4/fast && /usr/bin/make  -f CMakeFiles/cmTC_c5cf4.dir/build.make CMakeFiles/cmTC_c5cf4.dir/build
make[1]: Entering directory '/home/PrivSphere/build/SEAL/CMakeFiles/CMakeTmp'
Building C object CMakeFiles/cmTC_c5cf4.dir/CheckIncludeFile.c.o
/usr/bin/gcc   -fPIE -o CMakeFiles/cmTC_c5cf4.dir/CheckIncludeFile.c.o -c /home/PrivSphere/build/SEAL/CMakeFiles/CMakeTmp/CheckIncludeFile.c
Linking C executable cmTC_c5cf4
/root/cmake-3.23.3-linux-x86_64/bin/cmake -E cmake_link_script CMakeFiles/cmTC_c5cf4.dir/link.txt --verbose=1
/usr/bin/gcc CMakeFiles/cmTC_c5cf4.dir/CheckIncludeFile.c.o -o cmTC_c5cf4 
make[1]: Leaving directory '/home/PrivSphere/build/SEAL/CMakeFiles/CMakeTmp'



Determining if the include file stdint.h exists passed with the following output:
Change Dir: /home/PrivSphere/build/SEAL/CMakeFiles/CMakeTmp

Run Build Command(s):/usr/bin/make -f Makefile cmTC_8360e/fast && /usr/bin/make  -f CMakeFiles/cmTC_8360e.dir/build.make CMakeFiles/cmTC_8360e.dir/build
make[1]: Entering directory '/home/PrivSphere/build/SEAL/CMakeFiles/CMakeTmp'
Building C object CMakeFiles/cmTC_8360e.dir/CheckIncludeFile.c.o
/usr/bin/gcc   -fPIE -o CMakeFiles/cmTC_8360e.dir/CheckIncludeFile.c.o -c /home/PrivSphere/build/SEAL/CMakeFiles/CMakeTmp/CheckIncludeFile.c
Linking C executable cmTC_8360e
/root/cmake-3.23.3-linux-x86_64/bin/cmake -E cmake_link_script CMakeFiles/cmTC_8360e.dir/link.txt --verbose=1
/usr/bin/gcc CMakeFiles/cmTC_8360e.dir/CheckIncludeFile.c.o -o cmTC_8360e 
make[1]: Leaving directory '/home/PrivSphere/build/SEAL/CMakeFiles/CMakeTmp'



Determining if the include file stddef.h exists passed with the following output:
Change Dir: /home/PrivSphere/build/SEAL/CMakeFiles/CMakeTmp

Run Build Command(s):/usr/bin/make -f Makefile cmTC_385d1/fast && /usr/bin/make  -f CMakeFiles/cmTC_385d1.dir/build.make CMakeFiles/cmTC_385d1.dir/build
make[1]: Entering directory '/home/PrivSphere/build/SEAL/CMakeFiles/CMakeTmp'
Building C object CMakeFiles/cmTC_385d1.dir/CheckIncludeFile.c.o
/usr/bin/gcc   -fPIE -o CMakeFiles/cmTC_385d1.dir/CheckIncludeFile.c.o -c /home/PrivSphere/build/SEAL/CMakeFiles/CMakeTmp/CheckIncludeFile.c
Linking C executable cmTC_385d1
/root/cmake-3.23.3-linux-x86_64/bin/cmake -E cmake_link_script CMakeFiles/cmTC_385d1.dir/link.txt --verbose=1
/usr/bin/gcc CMakeFiles/cmTC_385d1.dir/CheckIncludeFile.c.o -o cmTC_385d1 
make[1]: Leaving directory '/home/PrivSphere/build/SEAL/CMakeFiles/CMakeTmp'



Determining size of off64_t passed with the following output:
Change Dir: /home/PrivSphere/build/SEAL/CMakeFiles/CMakeTmp

Run Build Command(s):/usr/bin/make -f Makefile cmTC_aa5cc/fast && /usr/bin/make  -f CMakeFiles/cmTC_aa5cc.dir/build.make CMakeFiles/cmTC_aa5cc.dir/build
make[1]: Entering directory '/home/PrivSphere/build/SEAL/CMakeFiles/CMakeTmp'
Building C object CMakeFiles/cmTC_aa5cc.dir/OFF64_T.c.o
/usr/bin/gcc -DHAVE_STDDEF_H -DHAVE_STDINT_H -DHAVE_SYS_TYPES_H -D_LARGEFILE64_SOURCE=1  -fPIE -o CMakeFiles/cmTC_aa5cc.dir/OFF64_T.c.o -c /home/PrivSphere/build/SEAL/CMakeFiles/CheckTypeSize/OFF64_T.c
Linking C executable cmTC_aa5cc
/root/cmake-3.23.3-linux-x86_64/bin/cmake -E cmake_link_script CMakeFiles/cmTC_aa5cc.dir/link.txt --verbose=1
/usr/bin/gcc CMakeFiles/cmTC_aa5cc.dir/OFF64_T.c.o -o cmTC_aa5cc 
make[1]: Leaving directory '/home/PrivSphere/build/SEAL/CMakeFiles/CMakeTmp'



Determining if the function fseeko exists passed with the following output:
Change Dir: /home/PrivSphere/build/SEAL/CMakeFiles/CMakeTmp

Run Build Command(s):/usr/bin/make -f Makefile cmTC_953b5/fast && /usr/bin/make  -f CMakeFiles/cmTC_953b5.dir/build.make CMakeFiles/cmTC_953b5.dir/build
make[1]: Entering directory '/home/PrivSphere/build/SEAL/CMakeFiles/CMakeTmp'
Building C object CMakeFiles/cmTC_953b5.dir/CheckFunctionExists.c.o
/usr/bin/gcc   -DCHECK_FUNCTION_EXISTS=fseeko -fPIE -o CMakeFiles/cmTC_953b5.dir/CheckFunctionExists.c.o -c /root/cmake-3.23.3-linux-x86_64/share/cmake-3.23/Modules/CheckFunctionExists.c
Linking C executable cmTC_953b5
/root/cmake-3.23.3-linux-x86_64/bin/cmake -E cmake_link_script CMakeFiles/cmTC_953b5.dir/link.txt --verbose=1
/usr/bin/gcc  -DCHECK_FUNCTION_EXISTS=fseeko -rdynamic CMakeFiles/cmTC_953b5.dir/CheckFunctionExists.c.o -o cmTC_953b5 
make[1]: Leaving directory '/home/PrivSphere/build/SEAL/CMakeFiles/CMakeTmp'



Determining if the include file unistd.h exists passed with the following output:
Change Dir: /home/PrivSphere/build/SEAL/CMakeFiles/CMakeTmp

Run Build Command(s):/usr/bin/make -f Makefile cmTC_4cec9/fast && /usr/bin/make  -f CMakeFiles/cmTC_4cec9.dir/build.make CMakeFiles/cmTC_4cec9.dir/build
make[1]: Entering directory '/home/PrivSphere/build/SEAL/CMakeFiles/CMakeTmp'
Building C object CMakeFiles/cmTC_4cec9.dir/CheckIncludeFile.c.o
/usr/bin/gcc   -fPIE -o CMakeFiles/cmTC_4cec9.dir/CheckIncludeFile.c.o -c /home/PrivSphere/build/SEAL/CMakeFiles/CMakeTmp/CheckIncludeFile.c
Linking C executable cmTC_4cec9
/root/cmake-3.23.3-linux-x86_64/bin/cmake -E cmake_link_script CMakeFiles/cmTC_4cec9.dir/link.txt --verbose=1
/usr/bin/gcc CMakeFiles/cmTC_4cec9.dir/CheckIncludeFile.c.o -o cmTC_4cec9 
make[1]: Leaving directory '/home/PrivSphere/build/SEAL/CMakeFiles/CMakeTmp'



Performing C++ SOURCE FILE Test CXX_FLAG_STD_CPLUSPLUS11 succeeded with the following output:
Change Dir: /home/PrivSphere/build/SEAL/CMakeFiles/CMakeTmp

Run Build Command(s):/usr/bin/make -f Makefile cmTC_7873f/fast && /usr/bin/make  -f CMakeFiles/cmTC_7873f.dir/build.make CMakeFiles/cmTC_7873f.dir/build
make[1]: Entering directory '/home/PrivSphere/build/SEAL/CMakeFiles/CMakeTmp'
Building CXX object CMakeFiles/cmTC_7873f.dir/src.cxx.o
/usr/bin/g++ -DCXX_FLAG_STD_CPLUSPLUS11  -fPIE   -std=c++11 -o CMakeFiles/cmTC_7873f.dir/src.cxx.o -c /home/PrivSphere/build/SEAL/CMakeFiles/CMakeTmp/src.cxx
Linking CXX executable cmTC_7873f
/root/cmake-3.23.3-linux-x86_64/bin/cmake -E cmake_link_script CMakeFiles/cmTC_7873f.dir/link.txt --verbose=1
/usr/bin/g++ CMakeFiles/cmTC_7873f.dir/src.cxx.o -o cmTC_7873f 
make[1]: Leaving directory '/home/PrivSphere/build/SEAL/CMakeFiles/CMakeTmp'


Source file was:
int main() { return 0; }
Performing C SOURCE FILE Test C_FLAG_STD_C99 succeeded with the following output:
Change Dir: /home/PrivSphere/build/SEAL/CMakeFiles/CMakeTmp

Run Build Command(s):/usr/bin/make -f Makefile cmTC_655fd/fast && /usr/bin/make  -f CMakeFiles/cmTC_655fd.dir/build.make CMakeFiles/cmTC_655fd.dir/build
make[1]: Entering directory '/home/PrivSphere/build/SEAL/CMakeFiles/CMakeTmp'
Building C object CMakeFiles/cmTC_655fd.dir/src.c.o
/usr/bin/gcc -DC_FLAG_STD_C99  -fPIE   -std=c99 -o CMakeFiles/cmTC_655fd.dir/src.c.o -c /home/PrivSphere/build/SEAL/CMakeFiles/CMakeTmp/src.c
Linking C executable cmTC_655fd
/root/cmake-3.23.3-linux-x86_64/bin/cmake -E cmake_link_script CMakeFiles/cmTC_655fd.dir/link.txt --verbose=1
/usr/bin/gcc CMakeFiles/cmTC_655fd.dir/src.c.o -o cmTC_655fd 
make[1]: Leaving directory '/home/PrivSphere/build/SEAL/CMakeFiles/CMakeTmp'


Source file was:
int main(void) { return 0; }
Performing C SOURCE FILE Test C_FLAG_WALL succeeded with the following output:
Change Dir: /home/PrivSphere/build/SEAL/CMakeFiles/CMakeTmp

Run Build Command(s):/usr/bin/make -f Makefile cmTC_7f183/fast && /usr/bin/make  -f CMakeFiles/cmTC_7f183.dir/build.make CMakeFiles/cmTC_7f183.dir/build
make[1]: Entering directory '/home/PrivSphere/build/SEAL/CMakeFiles/CMakeTmp'
Building C object CMakeFiles/cmTC_7f183.dir/src.c.o
/usr/bin/gcc -DC_FLAG_WALL  -std=c99  -fPIE   -Wall -o CMakeFiles/cmTC_7f183.dir/src.c.o -c /home/PrivSphere/build/SEAL/CMakeFiles/CMakeTmp/src.c
Linking C executable cmTC_7f183
/root/cmake-3.23.3-linux-x86_64/bin/cmake -E cmake_link_script CMakeFiles/cmTC_7f183.dir/link.txt --verbose=1
/usr/bin/gcc  -std=c99  CMakeFiles/cmTC_7f183.dir/src.c.o -o cmTC_7f183 
make[1]: Leaving directory '/home/PrivSphere/build/SEAL/CMakeFiles/CMakeTmp'


Source file was:
int main(void) { return 0; }
Performing C++ SOURCE FILE Test CXX_FLAG_WALL succeeded with the following output:
Change Dir: /home/PrivSphere/build/SEAL/CMakeFiles/CMakeTmp

Run Build Command(s):/usr/bin/make -f Makefile cmTC_9f643/fast && /usr/bin/make  -f CMakeFiles/cmTC_9f643.dir/build.make CMakeFiles/cmTC_9f643.dir/build
make[1]: Entering directory '/home/PrivSphere/build/SEAL/CMakeFiles/CMakeTmp'
Building CXX object CMakeFiles/cmTC_9f643.dir/src.cxx.o
/usr/bin/g++ -DCXX_FLAG_WALL  -std=c++11  -fPIE   -Wall -o CMakeFiles/cmTC_9f643.dir/src.cxx.o -c /home/PrivSphere/build/SEAL/CMakeFiles/CMakeTmp/src.cxx
Linking CXX executable cmTC_9f643
/root/cmake-3.23.3-linux-x86_64/bin/cmake -E cmake_link_script CMakeFiles/cmTC_9f643.dir/link.txt --verbose=1
/usr/bin/g++  -std=c++11  CMakeFiles/cmTC_9f643.dir/src.cxx.o -o cmTC_9f643 
make[1]: Leaving directory '/home/PrivSphere/build/SEAL/CMakeFiles/CMakeTmp'


Source file was:
int main() { return 0; }
Performing C SOURCE FILE Test C_FLAG_WEXTRA succeeded with the following output:
Change Dir: /home/PrivSphere/build/SEAL/CMakeFiles/CMakeTmp

Run Build Command(s):/usr/bin/make -f Makefile cmTC_a2a70/fast && /usr/bin/make  -f CMakeFiles/cmTC_a2a70.dir/build.make CMakeFiles/cmTC_a2a70.dir/build
make[1]: Entering directory '/home/PrivSphere/build/SEAL/CMakeFiles/CMakeTmp'
Building C object CMakeFiles/cmTC_a2a70.dir/src.c.o
/usr/bin/gcc -DC_FLAG_WEXTRA  -std=c99 -Wall  -fPIE   -Wextra -o CMakeFiles/cmTC_a2a70.dir/src.c.o -c /home/PrivSphere/build/SEAL/CMakeFiles/CMakeTmp/src.c
Linking C executable cmTC_a2a70
/root/cmake-3.23.3-linux-x86_64/bin/cmake -E cmake_link_script CMakeFiles/cmTC_a2a70.dir/link.txt --verbose=1
/usr/bin/gcc  -std=c99 -Wall  CMakeFiles/cmTC_a2a70.dir/src.c.o -o cmTC_a2a70 
make[1]: Leaving directory '/home/PrivSphere/build/SEAL/CMakeFiles/CMakeTmp'


Source file was:
int main(void) { return 0; }
Performing C++ SOURCE FILE Test CXX_FLAG_WEXTRA succeeded with the following output:
Change Dir: /home/PrivSphere/build/SEAL/CMakeFiles/CMakeTmp

Run Build Command(s):/usr/bin/make -f Makefile cmTC_951c1/fast && /usr/bin/make  -f CMakeFiles/cmTC_951c1.dir/build.make CMakeFiles/cmTC_951c1.dir/build
make[1]: Entering directory '/home/PrivSphere/build/SEAL/CMakeFiles/CMakeTmp'
Building CXX object CMakeFiles/cmTC_951c1.dir/src.cxx.o
/usr/bin/g++ -DCXX_FLAG_WEXTRA  -std=c++11 -Wall  -fPIE   -Wextra -o CMakeFiles/cmTC_951c1.dir/src.cxx.o -c /home/PrivSphere/build/SEAL/CMakeFiles/CMakeTmp/src.cxx
Linking CXX executable cmTC_951c1
/root/cmake-3.23.3-linux-x86_64/bin/cmake -E cmake_link_script CMakeFiles/cmTC_951c1.dir/link.txt --verbose=1
/usr/bin/g++  -std=c++11 -Wall  CMakeFiles/cmTC_951c1.dir/src.cxx.o -o cmTC_951c1 
make[1]: Leaving directory '/home/PrivSphere/build/SEAL/CMakeFiles/CMakeTmp'


Source file was:
int main() { return 0; }
Performing C SOURCE FILE Test C_FLAG_WUNDEF succeeded with the following output:
Change Dir: /home/PrivSphere/build/SEAL/CMakeFiles/CMakeTmp

Run Build Command(s):/usr/bin/make -f Makefile cmTC_2779f/fast && /usr/bin/make  -f CMakeFiles/cmTC_2779f.dir/build.make CMakeFiles/cmTC_2779f.dir/build
make[1]: Entering directory '/home/PrivSphere/build/SEAL/CMakeFiles/CMakeTmp'
Building C object CMakeFiles/cmTC_2779f.dir/src.c.o
/usr/bin/gcc -DC_FLAG_WUNDEF  -std=c99 -Wall -Wextra  -fPIE   -Wundef -o CMakeFiles/cmTC_2779f.dir/src.c.o -c /home/PrivSphere/build/SEAL/CMakeFiles/CMakeTmp/src.c
Linking C executable cmTC_2779f
/root/cmake-3.23.3-linux-x86_64/bin/cmake -E cmake_link_script CMakeFiles/cmTC_2779f.dir/link.txt --verbose=1
/usr/bin/gcc  -std=c99 -Wall -Wextra  CMakeFiles/cmTC_2779f.dir/src.c.o -o cmTC_2779f 
make[1]: Leaving directory '/home/PrivSphere/build/SEAL/CMakeFiles/CMakeTmp'


Source file was:
int main(void) { return 0; }
Performing C++ SOURCE FILE Test CXX_FLAG_WUNDEF succeeded with the following output:
Change Dir: /home/PrivSphere/build/SEAL/CMakeFiles/CMakeTmp

Run Build Command(s):/usr/bin/make -f Makefile cmTC_f94af/fast && /usr/bin/make  -f CMakeFiles/cmTC_f94af.dir/build.make CMakeFiles/cmTC_f94af.dir/build
make[1]: Entering directory '/home/PrivSphere/build/SEAL/CMakeFiles/CMakeTmp'
Building CXX object CMakeFiles/cmTC_f94af.dir/src.cxx.o
/usr/bin/g++ -DCXX_FLAG_WUNDEF  -std=c++11 -Wall -Wextra  -fPIE   -Wundef -o CMakeFiles/cmTC_f94af.dir/src.cxx.o -c /home/PrivSphere/build/SEAL/CMakeFiles/CMakeTmp/src.cxx
Linking CXX executable cmTC_f94af
/root/cmake-3.23.3-linux-x86_64/bin/cmake -E cmake_link_script CMakeFiles/cmTC_f94af.dir/link.txt --verbose=1
/usr/bin/g++  -std=c++11 -Wall -Wextra  CMakeFiles/cmTC_f94af.dir/src.cxx.o -o cmTC_f94af 
make[1]: Leaving directory '/home/PrivSphere/build/SEAL/CMakeFiles/CMakeTmp'


Source file was:
int main() { return 0; }
Performing C SOURCE FILE Test C_FLAG_WSHADOW succeeded with the following output:
Change Dir: /home/PrivSphere/build/SEAL/CMakeFiles/CMakeTmp

Run Build Command(s):/usr/bin/make -f Makefile cmTC_12bde/fast && /usr/bin/make  -f CMakeFiles/cmTC_12bde.dir/build.make CMakeFiles/cmTC_12bde.dir/build
make[1]: Entering directory '/home/PrivSphere/build/SEAL/CMakeFiles/CMakeTmp'
Building C object CMakeFiles/cmTC_12bde.dir/src.c.o
/usr/bin/gcc -DC_FLAG_WSHADOW  -std=c99 -Wall -Wextra -Wundef  -fPIE   -Wshadow -o CMakeFiles/cmTC_12bde.dir/src.c.o -c /home/PrivSphere/build/SEAL/CMakeFiles/CMakeTmp/src.c
Linking C executable cmTC_12bde
/root/cmake-3.23.3-linux-x86_64/bin/cmake -E cmake_link_script CMakeFiles/cmTC_12bde.dir/link.txt --verbose=1
/usr/bin/gcc  -std=c99 -Wall -Wextra -Wundef  CMakeFiles/cmTC_12bde.dir/src.c.o -o cmTC_12bde 
make[1]: Leaving directory '/home/PrivSphere/build/SEAL/CMakeFiles/CMakeTmp'


Source file was:
int main(void) { return 0; }
Performing C++ SOURCE FILE Test CXX_FLAG_WSHADOW succeeded with the following output:
Change Dir: /home/PrivSphere/build/SEAL/CMakeFiles/CMakeTmp

Run Build Command(s):/usr/bin/make -f Makefile cmTC_7e87e/fast && /usr/bin/make  -f CMakeFiles/cmTC_7e87e.dir/build.make CMakeFiles/cmTC_7e87e.dir/build
make[1]: Entering directory '/home/PrivSphere/build/SEAL/CMakeFiles/CMakeTmp'
Building CXX object CMakeFiles/cmTC_7e87e.dir/src.cxx.o
/usr/bin/g++ -DCXX_FLAG_WSHADOW  -std=c++11 -Wall -Wextra -Wundef  -fPIE   -Wshadow -o CMakeFiles/cmTC_7e87e.dir/src.cxx.o -c /home/PrivSphere/build/SEAL/CMakeFiles/CMakeTmp/src.cxx
Linking CXX executable cmTC_7e87e
/root/cmake-3.23.3-linux-x86_64/bin/cmake -E cmake_link_script CMakeFiles/cmTC_7e87e.dir/link.txt --verbose=1
/usr/bin/g++  -std=c++11 -Wall -Wextra -Wundef  CMakeFiles/cmTC_7e87e.dir/src.cxx.o -o cmTC_7e87e 
make[1]: Leaving directory '/home/PrivSphere/build/SEAL/CMakeFiles/CMakeTmp'


Source file was:
int main() { return 0; }
Performing C SOURCE FILE Test C_FLAG_WCAST_ALIGN succeeded with the following output:
Change Dir: /home/PrivSphere/build/SEAL/CMakeFiles/CMakeTmp

Run Build Command(s):/usr/bin/make -f Makefile cmTC_fcb9e/fast && /usr/bin/make  -f CMakeFiles/cmTC_fcb9e.dir/build.make CMakeFiles/cmTC_fcb9e.dir/build
make[1]: Entering directory '/home/PrivSphere/build/SEAL/CMakeFiles/CMakeTmp'
Building C object CMakeFiles/cmTC_fcb9e.dir/src.c.o
/usr/bin/gcc -DC_FLAG_WCAST_ALIGN  -std=c99 -Wall -Wextra -Wundef -Wshadow  -fPIE   -Wcast-align -o CMakeFiles/cmTC_fcb9e.dir/src.c.o -c /home/PrivSphere/build/SEAL/CMakeFiles/CMakeTmp/src.c
Linking C executable cmTC_fcb9e
/root/cmake-3.23.3-linux-x86_64/bin/cmake -E cmake_link_script CMakeFiles/cmTC_fcb9e.dir/link.txt --verbose=1
/usr/bin/gcc  -std=c99 -Wall -Wextra -Wundef -Wshadow  CMakeFiles/cmTC_fcb9e.dir/src.c.o -o cmTC_fcb9e 
make[1]: Leaving directory '/home/PrivSphere/build/SEAL/CMakeFiles/CMakeTmp'


Source file was:
int main(void) { return 0; }
Performing C++ SOURCE FILE Test CXX_FLAG_WCAST_ALIGN succeeded with the following output:
Change Dir: /home/PrivSphere/build/SEAL/CMakeFiles/CMakeTmp

Run Build Command(s):/usr/bin/make -f Makefile cmTC_350f6/fast && /usr/bin/make  -f CMakeFiles/cmTC_350f6.dir/build.make CMakeFiles/cmTC_350f6.dir/build
make[1]: Entering directory '/home/PrivSphere/build/SEAL/CMakeFiles/CMakeTmp'
Building CXX object CMakeFiles/cmTC_350f6.dir/src.cxx.o
/usr/bin/g++ -DCXX_FLAG_WCAST_ALIGN  -std=c++11 -Wall -Wextra -Wundef -Wshadow  -fPIE   -Wcast-align -o CMakeFiles/cmTC_350f6.dir/src.cxx.o -c /home/PrivSphere/build/SEAL/CMakeFiles/CMakeTmp/src.cxx
Linking CXX executable cmTC_350f6
/root/cmake-3.23.3-linux-x86_64/bin/cmake -E cmake_link_script CMakeFiles/cmTC_350f6.dir/link.txt --verbose=1
/usr/bin/g++  -std=c++11 -Wall -Wextra -Wundef -Wshadow  CMakeFiles/cmTC_350f6.dir/src.cxx.o -o cmTC_350f6 
make[1]: Leaving directory '/home/PrivSphere/build/SEAL/CMakeFiles/CMakeTmp'


Source file was:
int main() { return 0; }
Performing C SOURCE FILE Test C_FLAG_WCAST_QUAL succeeded with the following output:
Change Dir: /home/PrivSphere/build/SEAL/CMakeFiles/CMakeTmp

Run Build Command(s):/usr/bin/make -f Makefile cmTC_c6fee/fast && /usr/bin/make  -f CMakeFiles/cmTC_c6fee.dir/build.make CMakeFiles/cmTC_c6fee.dir/build
make[1]: Entering directory '/home/PrivSphere/build/SEAL/CMakeFiles/CMakeTmp'
Building C object CMakeFiles/cmTC_c6fee.dir/src.c.o
/usr/bin/gcc -DC_FLAG_WCAST_QUAL  -std=c99 -Wall -Wextra -Wundef -Wshadow -Wcast-align  -fPIE   -Wcast-qual -o CMakeFiles/cmTC_c6fee.dir/src.c.o -c /home/PrivSphere/build/SEAL/CMakeFiles/CMakeTmp/src.c
Linking C executable cmTC_c6fee
/root/cmake-3.23.3-linux-x86_64/bin/cmake -E cmake_link_script CMakeFiles/cmTC_c6fee.dir/link.txt --verbose=1
/usr/bin/gcc  -std=c99 -Wall -Wextra -Wundef -Wshadow -Wcast-align  CMakeFiles/cmTC_c6fee.dir/src.c.o -o cmTC_c6fee 
make[1]: Leaving directory '/home/PrivSphere/build/SEAL/CMakeFiles/CMakeTmp'


Source file was:
int main(void) { return 0; }
Performing C++ SOURCE FILE Test CXX_FLAG_WCAST_QUAL succeeded with the following output:
Change Dir: /home/PrivSphere/build/SEAL/CMakeFiles/CMakeTmp

Run Build Command(s):/usr/bin/make -f Makefile cmTC_59aae/fast && /usr/bin/make  -f CMakeFiles/cmTC_59aae.dir/build.make CMakeFiles/cmTC_59aae.dir/build
make[1]: Entering directory '/home/PrivSphere/build/SEAL/CMakeFiles/CMakeTmp'
Building CXX object CMakeFiles/cmTC_59aae.dir/src.cxx.o
/usr/bin/g++ -DCXX_FLAG_WCAST_QUAL  -std=c++11 -Wall -Wextra -Wundef -Wshadow -Wcast-align  -fPIE   -Wcast-qual -o CMakeFiles/cmTC_59aae.dir/src.cxx.o -c /home/PrivSphere/build/SEAL/CMakeFiles/CMakeTmp/src.cxx
Linking CXX executable cmTC_59aae
/root/cmake-3.23.3-linux-x86_64/bin/cmake -E cmake_link_script CMakeFiles/cmTC_59aae.dir/link.txt --verbose=1
/usr/bin/g++  -std=c++11 -Wall -Wextra -Wundef -Wshadow -Wcast-align  CMakeFiles/cmTC_59aae.dir/src.cxx.o -o cmTC_59aae 
make[1]: Leaving directory '/home/PrivSphere/build/SEAL/CMakeFiles/CMakeTmp'


Source file was:
int main() { return 0; }
Performing C SOURCE FILE Test C_FLAG_WSTRICT_PROTOTYPES succeeded with the following output:
Change Dir: /home/PrivSphere/build/SEAL/CMakeFiles/CMakeTmp

Run Build Command(s):/usr/bin/make -f Makefile cmTC_f9b5f/fast && /usr/bin/make  -f CMakeFiles/cmTC_f9b5f.dir/build.make CMakeFiles/cmTC_f9b5f.dir/build
make[1]: Entering directory '/home/PrivSphere/build/SEAL/CMakeFiles/CMakeTmp'
Building C object CMakeFiles/cmTC_f9b5f.dir/src.c.o
/usr/bin/gcc -DC_FLAG_WSTRICT_PROTOTYPES  -std=c99 -Wall -Wextra -Wundef -Wshadow -Wcast-align -Wcast-qual  -fPIE   -Wstrict-prototypes -o CMakeFiles/cmTC_f9b5f.dir/src.c.o -c /home/PrivSphere/build/SEAL/CMakeFiles/CMakeTmp/src.c
Linking C executable cmTC_f9b5f
/root/cmake-3.23.3-linux-x86_64/bin/cmake -E cmake_link_script CMakeFiles/cmTC_f9b5f.dir/link.txt --verbose=1
/usr/bin/gcc  -std=c99 -Wall -Wextra -Wundef -Wshadow -Wcast-align -Wcast-qual  CMakeFiles/cmTC_f9b5f.dir/src.c.o -o cmTC_f9b5f 
make[1]: Leaving directory '/home/PrivSphere/build/SEAL/CMakeFiles/CMakeTmp'


Source file was:
int main(void) { return 0; }
Checking whether the ASM compiler is GNU using "--version" matched "(GNU assembler)|(GCC)|(Free Software Foundation)":
gcc (Ubuntu 9.4.0-1ubuntu1~20.04.2) 9.4.0
Copyright (C) 2019 Free Software Foundation, Inc.
This is free software; see the source for copying conditions.  There is NO
warranty; not even for MERCHANTABILITY or FITNESS FOR A PARTICULAR PURPOSE.

Determining if the include file x86intrin.h exists passed with the following output:
Change Dir: /home/PrivSphere/build/SEAL/CMakeFiles/CMakeTmp

Run Build Command(s):/usr/bin/make -f Makefile cmTC_29177/fast && /usr/bin/make  -f CMakeFiles/cmTC_29177.dir/build.make CMakeFiles/cmTC_29177.dir/build
make[1]: Entering directory '/home/PrivSphere/build/SEAL/CMakeFiles/CMakeTmp'
Building CXX object CMakeFiles/cmTC_29177.dir/CheckIncludeFile.cxx.o
/usr/bin/g++   -fPIE -o CMakeFiles/cmTC_29177.dir/CheckIncludeFile.cxx.o -c /home/PrivSphere/build/SEAL/CMakeFiles/CMakeTmp/CheckIncludeFile.cxx
Linking CXX executable cmTC_29177
/root/cmake-3.23.3-linux-x86_64/bin/cmake -E cmake_link_script CMakeFiles/cmTC_29177.dir/link.txt --verbose=1
/usr/bin/g++ CMakeFiles/cmTC_29177.dir/CheckIncludeFile.cxx.o -o cmTC_29177 
make[1]: Leaving directory '/home/PrivSphere/build/SEAL/CMakeFiles/CMakeTmp'



Determining size of __int128 passed with the following output:
Change Dir: /home/PrivSphere/build/SEAL/CMakeFiles/CMakeTmp

Run Build Command(s):/usr/bin/make -f Makefile cmTC_9e440/fast && /usr/bin/make  -f CMakeFiles/cmTC_9e440.dir/build.make CMakeFiles/cmTC_9e440.dir/build
make[1]: Entering directory '/home/PrivSphere/build/SEAL/CMakeFiles/CMakeTmp'
Building CXX object CMakeFiles/cmTC_9e440.dir/INT128.cpp.o
/usr/bin/g++   -O0 -std=c++17 -fPIE -o CMakeFiles/cmTC_9e440.dir/INT128.cpp.o -c /home/PrivSphere/build/SEAL/CMakeFiles/CheckTypeSize/INT128.cpp
Linking CXX executable cmTC_9e440
/root/cmake-3.23.3-linux-x86_64/bin/cmake -E cmake_link_script CMakeFiles/cmTC_9e440.dir/link.txt --verbose=1
/usr/bin/g++   -O0 -std=c++17 CMakeFiles/cmTC_9e440.dir/INT128.cpp.o -o cmTC_9e440 
make[1]: Leaving directory '/home/PrivSphere/build/SEAL/CMakeFiles/CMakeTmp'



Performing C++ SOURCE FILE Test SEAL___BUILTIN_CLZLL_FOUND succeeded with the following compile output:
Change Dir: /home/PrivSphere/build/SEAL/CMakeFiles/CMakeTmp

Run Build Command(s):/usr/bin/make -f Makefile cmTC_553e5/fast && /usr/bin/make  -f CMakeFiles/cmTC_553e5.dir/build.make CMakeFiles/cmTC_553e5.dir/build
make[1]: Entering directory '/home/PrivSphere/build/SEAL/CMakeFiles/CMakeTmp'
Building CXX object CMakeFiles/cmTC_553e5.dir/src.cxx.o
/usr/bin/g++ -DSEAL___BUILTIN_CLZLL_FOUND  -O0 -std=c++17 -fPIE -o CMakeFiles/cmTC_553e5.dir/src.cxx.o -c /home/PrivSphere/build/SEAL/CMakeFiles/CMakeTmp/src.cxx
Linking CXX executable cmTC_553e5
/root/cmake-3.23.3-linux-x86_64/bin/cmake -E cmake_link_script CMakeFiles/cmTC_553e5.dir/link.txt --verbose=1
/usr/bin/g++   -O0 -std=c++17 CMakeFiles/cmTC_553e5.dir/src.cxx.o -o cmTC_553e5 
make[1]: Leaving directory '/home/PrivSphere/build/SEAL/CMakeFiles/CMakeTmp'


...and run output:

Return value: 1
Source file was:

            int main() {
                volatile auto res = __builtin_clzll(0);
                return 0;
            }
Performing C++ SOURCE FILE Test SEAL__ADDCARRY_U64_FOUND succeeded with the following compile output:
Change Dir: /home/PrivSphere/build/SEAL/CMakeFiles/CMakeTmp

Run Build Command(s):/usr/bin/make -f Makefile cmTC_de167/fast && /usr/bin/make  -f CMakeFiles/cmTC_de167.dir/build.make CMakeFiles/cmTC_de167.dir/build
make[1]: Entering directory '/home/PrivSphere/build/SEAL/CMakeFiles/CMakeTmp'
Building CXX object CMakeFiles/cmTC_de167.dir/src.cxx.o
/usr/bin/g++ -DSEAL__ADDCARRY_U64_FOUND  -O0 -std=c++17 -fPIE -o CMakeFiles/cmTC_de167.dir/src.cxx.o -c /home/PrivSphere/build/SEAL/CMakeFiles/CMakeTmp/src.cxx
Linking CXX executable cmTC_de167
/root/cmake-3.23.3-linux-x86_64/bin/cmake -E cmake_link_script CMakeFiles/cmTC_de167.dir/link.txt --verbose=1
/usr/bin/g++   -O0 -std=c++17 CMakeFiles/cmTC_de167.dir/src.cxx.o -o cmTC_de167 
make[1]: Leaving directory '/home/PrivSphere/build/SEAL/CMakeFiles/CMakeTmp'


...and run output:

Return value: 1
Source file was:

        #include <x86intrin.h>
        int main() {
            unsigned long long a;
            volatile auto res = _addcarry_u64(0,0,0,&a);
            return 0;
        }
Performing C++ SOURCE FILE Test SEAL__SUBBORROW_U64_FOUND succeeded with the following compile output:
Change Dir: /home/PrivSphere/build/SEAL/CMakeFiles/CMakeTmp

Run Build Command(s):/usr/bin/make -f Makefile cmTC_75a0f/fast && /usr/bin/make  -f CMakeFiles/cmTC_75a0f.dir/build.make CMakeFiles/cmTC_75a0f.dir/build
make[1]: Entering directory '/home/PrivSphere/build/SEAL/CMakeFiles/CMakeTmp'
Building CXX object CMakeFiles/cmTC_75a0f.dir/src.cxx.o
/usr/bin/g++ -DSEAL__SUBBORROW_U64_FOUND  -O0 -std=c++17 -fPIE -o CMakeFiles/cmTC_75a0f.dir/src.cxx.o -c /home/PrivSphere/build/SEAL/CMakeFiles/CMakeTmp/src.cxx
Linking CXX executable cmTC_75a0f
/root/cmake-3.23.3-linux-x86_64/bin/cmake -E cmake_link_script CMakeFiles/cmTC_75a0f.dir/link.txt --verbose=1
/usr/bin/g++   -O0 -std=c++17 CMakeFiles/cmTC_75a0f.dir/src.cxx.o -o cmTC_75a0f 
make[1]: Leaving directory '/home/PrivSphere/build/SEAL/CMakeFiles/CMakeTmp'


...and run output:

Return value: 1
Source file was:

        #include <x86intrin.h>
        int main() {
            unsigned long long a;
            volatile auto res = _subborrow_u64(0,0,0,&a);
            return 0;
        }
Determining if the explicit_bzero exist passed with the following output:
Change Dir: /home/PrivSphere/build/SEAL/CMakeFiles/CMakeTmp

Run Build Command(s):/usr/bin/make -f Makefile cmTC_f629f/fast && /usr/bin/make  -f CMakeFiles/cmTC_f629f.dir/build.make CMakeFiles/cmTC_f629f.dir/build
make[1]: Entering directory '/home/PrivSphere/build/SEAL/CMakeFiles/CMakeTmp'
Building C object CMakeFiles/cmTC_f629f.dir/CheckSymbolExists.c.o
/usr/bin/gcc   -fPIE -o CMakeFiles/cmTC_f629f.dir/CheckSymbolExists.c.o -c /home/PrivSphere/build/SEAL/CMakeFiles/CMakeTmp/CheckSymbolExists.c
Linking C executable cmTC_f629f
/root/cmake-3.23.3-linux-x86_64/bin/cmake -E cmake_link_script CMakeFiles/cmTC_f629f.dir/link.txt --verbose=1
/usr/bin/gcc CMakeFiles/cmTC_f629f.dir/CheckSymbolExists.c.o -o cmTC_f629f 
make[1]: Leaving directory '/home/PrivSphere/build/SEAL/CMakeFiles/CMakeTmp'


File /home/PrivSphere/build/SEAL/CMakeFiles/CMakeTmp/CheckSymbolExists.c:
/* */
#include <string.h>

int main(int argc, char** argv)
{
  (void)argv;
#ifndef explicit_bzero
  return ((int*)(&explicit_bzero))[argc];
#else
  (void)argc;
  return 0;
#endif
}
Determining if the include file pthread.h exists passed with the following output:
Change Dir: /home/PrivSphere/build/SEAL/CMakeFiles/CMakeTmp

Run Build Command(s):/usr/bin/make -f Makefile cmTC_ea0f6/fast && /usr/bin/make  -f CMakeFiles/cmTC_ea0f6.dir/build.make CMakeFiles/cmTC_ea0f6.dir/build
make[1]: Entering directory '/home/PrivSphere/build/SEAL/CMakeFiles/CMakeTmp'
Building C object CMakeFiles/cmTC_ea0f6.dir/CheckIncludeFile.c.o
/usr/bin/gcc   -fPIE -o CMakeFiles/cmTC_ea0f6.dir/CheckIncludeFile.c.o -c /home/PrivSphere/build/SEAL/CMakeFiles/CMakeTmp/CheckIncludeFile.c
Linking C executable cmTC_ea0f6
/root/cmake-3.23.3-linux-x86_64/bin/cmake -E cmake_link_script CMakeFiles/cmTC_ea0f6.dir/link.txt --verbose=1
/usr/bin/gcc CMakeFiles/cmTC_ea0f6.dir/CheckIncludeFile.c.o -o cmTC_ea0f6 
make[1]: Leaving directory '/home/PrivSphere/build/SEAL/CMakeFiles/CMakeTmp'



