Performing C++ SOURCE FILE Test COMPILER_SUPPORT_Wshorten64to32 failed with the following output:
Change Dir: /home/PrivSphere/build/eigen/CMakeFiles/CMakeTmp

Run Build Command(s):/usr/bin/make -f Makefile cmTC_80d7f/fast && /usr/bin/make  -f CMakeFiles/cmTC_80d7f.dir/build.make CMakeFiles/cmTC_80d7f.dir/build
make[1]: Entering directory '/home/PrivSphere/build/eigen/CMakeFiles/CMakeTmp'
Building CXX object CMakeFiles/cmTC_80d7f.dir/src.cxx.o
/usr/bin/g++ -DCOMPILER_SUPPORT_Wshorten64to32  -pedantic -Wall -Wextra -Wundef -Wcast-align -Wchar-subscripts -Wnon-virtual-dtor -Wunused-local-typedefs -Wpointer-arith -Wwrite-strings -Wformat-security -Werror   -Wshorten-64-to-32 -std=c++14 -o CMakeFiles/cmTC_80d7f.dir/src.cxx.o -c /home/PrivSphere/build/eigen/CMakeFiles/CMakeTmp/src.cxx
g++: error: unrecognized command line option '-Wshorten-64-to-32'
make[1]: *** [CMakeFiles/cmTC_80d7f.dir/build.make:78: CMakeFiles/cmTC_80d7f.dir/src.cxx.o] Error 1
make[1]: Leaving directory '/home/PrivSphere/build/eigen/CMakeFiles/CMakeTmp'
make: *** [Makefile:127: cmTC_80d7f/fast] Error 2


Source file was:
int main() { return 0; }
Performing C++ SOURCE FILE Test COMPILER_SUPPORT_Wenumconversion failed with the following output:
Change Dir: /home/PrivSphere/build/eigen/CMakeFiles/CMakeTmp

Run Build Command(s):/usr/bin/make -f Makefile cmTC_144c7/fast && /usr/bin/make  -f CMakeFiles/cmTC_144c7.dir/build.make CMakeFiles/cmTC_144c7.dir/build
make[1]: Entering directory '/home/PrivSphere/build/eigen/CMakeFiles/CMakeTmp'
Building CXX object CMakeFiles/cmTC_144c7.dir/src.cxx.o
/usr/bin/g++ -DCOMPILER_SUPPORT_Wenumconversion  -pedantic -Wall -Wextra -Wundef -Wcast-align -Wchar-subscripts -Wnon-virtual-dtor -Wunused-local-typedefs -Wpointer-arith -Wwrite-strings -Wformat-security -Wlogical-op -Werror   -Wenum-conversion -std=c++14 -o CMakeFiles/cmTC_144c7.dir/src.cxx.o -c /home/PrivSphere/build/eigen/CMakeFiles/CMakeTmp/src.cxx
g++: error: unrecognized command line option '-Wenum-conversion'; did you mean '-Wno-conversion'?
make[1]: *** [CMakeFiles/cmTC_144c7.dir/build.make:78: CMakeFiles/cmTC_144c7.dir/src.cxx.o] Error 1
make[1]: Leaving directory '/home/PrivSphere/build/eigen/CMakeFiles/CMakeTmp'
make: *** [Makefile:127: cmTC_144c7/fast] Error 2


Source file was:
int main() { return 0; }
Performing C++ SOURCE FILE Test COMPILER_SUPPORT_Wcpp11extensions failed with the following output:
Change Dir: /home/PrivSphere/build/eigen/CMakeFiles/CMakeTmp

Run Build Command(s):/usr/bin/make -f Makefile cmTC_9f599/fast && /usr/bin/make  -f CMakeFiles/cmTC_9f599.dir/build.make CMakeFiles/cmTC_9f599.dir/build
make[1]: Entering directory '/home/PrivSphere/build/eigen/CMakeFiles/CMakeTmp'
Building CXX object CMakeFiles/cmTC_9f599.dir/src.cxx.o
/usr/bin/g++ -DCOMPILER_SUPPORT_Wcpp11extensions  -pedantic -Wall -Wextra -Wundef -Wcast-align -Wchar-subscripts -Wnon-virtual-dtor -Wunused-local-typedefs -Wpointer-arith -Wwrite-strings -Wformat-security -Wlogical-op -Werror   -Wc++11-extensions -std=c++14 -o CMakeFiles/cmTC_9f599.dir/src.cxx.o -c /home/PrivSphere/build/eigen/CMakeFiles/CMakeTmp/src.cxx
g++: error: unrecognized command line option '-Wc++11-extensions'; did you mean '-fms-extensions'?
make[1]: *** [CMakeFiles/cmTC_9f599.dir/build.make:78: CMakeFiles/cmTC_9f599.dir/src.cxx.o] Error 1
make[1]: Leaving directory '/home/PrivSphere/build/eigen/CMakeFiles/CMakeTmp'
make: *** [Makefile:127: cmTC_9f599/fast] Error 2


Source file was:
int main() { return 0; }
Performing C++ SOURCE FILE Test COMPILER_SUPPORT_wd981 failed with the following output:
Change Dir: /home/PrivSphere/build/eigen/CMakeFiles/CMakeTmp

Run Build Command(s):/usr/bin/make -f Makefile cmTC_57c49/fast && /usr/bin/make  -f CMakeFiles/cmTC_57c49.dir/build.make CMakeFiles/cmTC_57c49.dir/build
make[1]: Entering directory '/home/PrivSphere/build/eigen/CMakeFiles/CMakeTmp'
Building CXX object CMakeFiles/cmTC_57c49.dir/src.cxx.o
/usr/bin/g++ -DCOMPILER_SUPPORT_wd981  -pedantic -Wall -Wextra -Wundef -Wcast-align -Wchar-subscripts -Wnon-virtual-dtor -Wunused-local-typedefs -Wpointer-arith -Wwrite-strings -Wformat-security -Wlogical-op -Wdouble-promotion -Wshadow -Wno-psabi -Wno-variadic-macros -Wno-long-long -fno-check-new -fno-common -fstrict-aliasing -Werror   -wd981 -std=c++14 -o CMakeFiles/cmTC_57c49.dir/src.cxx.o -c /home/PrivSphere/build/eigen/CMakeFiles/CMakeTmp/src.cxx
g++: error: unrecognized command line option '-wd981'
make[1]: *** [CMakeFiles/cmTC_57c49.dir/build.make:78: CMakeFiles/cmTC_57c49.dir/src.cxx.o] Error 1
make[1]: Leaving directory '/home/PrivSphere/build/eigen/CMakeFiles/CMakeTmp'
make: *** [Makefile:127: cmTC_57c49/fast] Error 2


Source file was:
int main() { return 0; }
Performing C++ SOURCE FILE Test COMPILER_SUPPORT_wd2304 failed with the following output:
Change Dir: /home/PrivSphere/build/eigen/CMakeFiles/CMakeTmp

Run Build Command(s):/usr/bin/make -f Makefile cmTC_5f7f0/fast && /usr/bin/make  -f CMakeFiles/cmTC_5f7f0.dir/build.make CMakeFiles/cmTC_5f7f0.dir/build
make[1]: Entering directory '/home/PrivSphere/build/eigen/CMakeFiles/CMakeTmp'
Building CXX object CMakeFiles/cmTC_5f7f0.dir/src.cxx.o
/usr/bin/g++ -DCOMPILER_SUPPORT_wd2304  -pedantic -Wall -Wextra -Wundef -Wcast-align -Wchar-subscripts -Wnon-virtual-dtor -Wunused-local-typedefs -Wpointer-arith -Wwrite-strings -Wformat-security -Wlogical-op -Wdouble-promotion -Wshadow -Wno-psabi -Wno-variadic-macros -Wno-long-long -fno-check-new -fno-common -fstrict-aliasing -Werror   -wd2304 -std=c++14 -o CMakeFiles/cmTC_5f7f0.dir/src.cxx.o -c /home/PrivSphere/build/eigen/CMakeFiles/CMakeTmp/src.cxx
g++: error: unrecognized command line option '-wd2304'
make[1]: *** [CMakeFiles/cmTC_5f7f0.dir/build.make:78: CMakeFiles/cmTC_5f7f0.dir/src.cxx.o] Error 1
make[1]: Leaving directory '/home/PrivSphere/build/eigen/CMakeFiles/CMakeTmp'
make: *** [Makefile:127: cmTC_5f7f0/fast] Error 2


Source file was:
int main() { return 0; }
Performing C SOURCE FILE Test CMAKE_HAVE_LIBC_PTHREAD failed with the following output:
Change Dir: /home/PrivSphere/build/eigen/CMakeFiles/CMakeTmp

Run Build Command(s):/usr/bin/make -f Makefile cmTC_19a56/fast && /usr/bin/make  -f CMakeFiles/cmTC_19a56.dir/build.make CMakeFiles/cmTC_19a56.dir/build
make[1]: Entering directory '/home/PrivSphere/build/eigen/CMakeFiles/CMakeTmp'
Building C object CMakeFiles/cmTC_19a56.dir/src.c.o
/usr/bin/gcc -DCMAKE_HAVE_LIBC_PTHREAD   -o CMakeFiles/cmTC_19a56.dir/src.c.o -c /home/PrivSphere/build/eigen/CMakeFiles/CMakeTmp/src.c
Linking C executable cmTC_19a56
/root/cmake-3.23.3-linux-x86_64/bin/cmake -E cmake_link_script CMakeFiles/cmTC_19a56.dir/link.txt --verbose=1
/usr/bin/gcc CMakeFiles/cmTC_19a56.dir/src.c.o -o cmTC_19a56 
/usr/bin/ld: CMakeFiles/cmTC_19a56.dir/src.c.o: in function `main':
src.c:(.text+0x46): undefined reference to `pthread_create'
/usr/bin/ld: src.c:(.text+0x52): undefined reference to `pthread_detach'
/usr/bin/ld: src.c:(.text+0x5e): undefined reference to `pthread_cancel'
/usr/bin/ld: src.c:(.text+0x6f): undefined reference to `pthread_join'
collect2: error: ld returned 1 exit status
make[1]: *** [CMakeFiles/cmTC_19a56.dir/build.make:99: cmTC_19a56] Error 1
make[1]: Leaving directory '/home/PrivSphere/build/eigen/CMakeFiles/CMakeTmp'
make: *** [Makefile:127: cmTC_19a56/fast] Error 2


Source file was:
#include <pthread.h>

static void* test_func(void* data)
{
  return data;
}

int main(void)
{
  pthread_t thread;
  pthread_create(&thread, NULL, test_func, NULL);
  pthread_detach(thread);
  pthread_cancel(thread);
  pthread_join(thread, NULL);
  pthread_atfork(NULL, NULL, NULL);
  pthread_exit(NULL);

  return 0;
}

Determining if the function pthread_create exists in the pthreads failed with the following output:
Change Dir: /home/PrivSphere/build/eigen/CMakeFiles/CMakeTmp

Run Build Command(s):/usr/bin/make -f Makefile cmTC_508ec/fast && /usr/bin/make  -f CMakeFiles/cmTC_508ec.dir/build.make CMakeFiles/cmTC_508ec.dir/build
make[1]: Entering directory '/home/PrivSphere/build/eigen/CMakeFiles/CMakeTmp'
Building C object CMakeFiles/cmTC_508ec.dir/CheckFunctionExists.c.o
/usr/bin/gcc   -DCHECK_FUNCTION_EXISTS=pthread_create -o CMakeFiles/cmTC_508ec.dir/CheckFunctionExists.c.o -c /root/cmake-3.23.3-linux-x86_64/share/cmake-3.23/Modules/CheckFunctionExists.c
Linking C executable cmTC_508ec
/root/cmake-3.23.3-linux-x86_64/bin/cmake -E cmake_link_script CMakeFiles/cmTC_508ec.dir/link.txt --verbose=1
/usr/bin/gcc  -DCHECK_FUNCTION_EXISTS=pthread_create CMakeFiles/cmTC_508ec.dir/CheckFunctionExists.c.o -o cmTC_508ec  -lpthreads 
/usr/bin/ld: cannot find -lpthreads
collect2: error: ld returned 1 exit status
make[1]: *** [CMakeFiles/cmTC_508ec.dir/build.make:99: cmTC_508ec] Error 1
make[1]: Leaving directory '/home/PrivSphere/build/eigen/CMakeFiles/CMakeTmp'
make: *** [Makefile:127: cmTC_508ec/fast] Error 2



